node   1  (   0,    0) (   6,    3) (   7,    5) (   5,    5) (   3,    4) (   3,    3) (   3,    4) (   3,    2) (   3,    3) (   3,    1)
          (   3,    5) (   3,    5) (   3,    3) (   3,    2) (   3,    4) (   3,    3) (   3,    2) (   3,    3) (   3,    3) (   3,    3)
          (   3,    6) (   3,    2) (   3,    4) (   3,    3) (   3,    0) (   3,    3) (   3,    5) (   3,    6) (   3,    3) (   3,    4)
          (   3,    4) (   3,    2) (   3,    3) (   3,    3) (   3,    3) (   3,    4) (   3,    3) (   3,    1) (   3,    1) (   3,    2)
          (   3,    0) (   3,    3) (   3,    4) (   3,    2) (   3,    5) (   3,    3) (   3,    3) (   3,    1) (   3,    4) (   3,    3)
          (   3,    6) (   3,    1) (   3,    4) (   3,    3) (   3,    3) (   3,    2) (   3,    3) (   3,    1) (   3,    3) (   3,    3)
          (   3,    2) (   3,    3) (   3,    3) (   3,    3) (   3,    3) (   3,    5) (   3,    2) (   3,    5) (   3,    0) (   3,    2)
          (   3,    3) (   3,    1) (   3,    3) (   3,    3) (   3,    3) (   3,    4) (   3,    7) (   3,    3) (   3,    3) (   3,    5)
          (   3,    4) (   3,    3) (   3,    3) (   3,    4) (   3,    4) (   3,    2) (   3,    3) (   3,    5) (   3,    6) (   3,    1)
          (   3,    5) (   3,    2) (   3,    2) (   3,    2) (   3,    2) (   3,    2) (   3,    2) (   3,    3) (   3,    3) (   3,    4)
          (   3,    2) (   3,    1) (   3,    2) (   3,    4) (   3,    2) (   3,    5) (   3,    0) (   3,    2) (   3,    5) (   3,    6)
          (   3,    2) (   3,    4) (   3,    4) (   3,    5) (   3,    3) (   3,    3) (   3,    4) (   3,    3) (   3,    3) (   3,    5)
          (   3,    4) (   3,    1) (   3,    3) (   3,    7) (   3,    6) (   3,    4) (   3,    2) (   3,    4) (   3,    4) (   3,    2)
          (   3,    5) (   3,    2) (   3,    4) (   3,    4) (   3,    6) (   3,    3) (   3,    4) (   3,    6) (   3,    4) (   3,    2)
          (   3,    3) (   3,    2) (   3,    2) (   3,    1) (   3,    2) (   3,    5) (   3,    6) (   3,    5) (   3,    2) (   3,    4)
          (   3,    1) (   3,    3) (   3,    4) (   3,    4) (   3,    2) (   3,    2) (   3,    3) (   3,    3) (   3,    4) (   3,    3)
          (   3,    3) (   3,    2) (   3,    4) (   3,    1) (   3,    1) (   3,    1) (   3,    3) (   3,    2) (   3,    2) (   3,    3)
          (   3,    5) (   3,    4) (   3,    4) (   3,    4) (   3,    4) (   3,    2) (   3,    1) (   3,    6) (   3,    3) (   3,    1)
          (   3,    1) (   3,    2) (   3,    2) (   3,    2) (   3,    3) (   3,    1) (   3,    2) (   3,    3) (   3,    3) (   3,    2)
          (   3,    2) (   3,    5) (   3,    3) (   3,    2) (   3,    4) (   3,    4) (   3,    3) (   3,    3) (   3,    3) (   3,    4)
          (   3,    2) (   3,    3) (   3,    4) (   3,    3) (   3,    2) (   3,    1) (   3,    1) (   3,    1) (   3,    5) (   3,    0)
          (   3,    3) (   3,    4) (   3,    4) (   3,    2) (   3,    3) (   3,    5) (   3,    1) (   3,    5) (   3,    5) (   3,    3)
          (   3,    4) (   3,    2) (   3,    2) (   3,    5) (   3,    7) (   3,    1) (   3,    4) (   3,    4) (   3,    4) (   3,    4)
          (   3,    3) (   3,    3) (   3,    2) (   3,    3) (   3,    4) (   3,    4) (   3,    6) (   3,    2) (   3,    3) (   3,    3)
          (   3,    2) (   3,    5) (   3,    4) (   3,    2) (   3,    2) (   3,    3) (   3,    3) (   3,    4) (   3,    2) (   3,    5)
          (   3,    3) (   3,    2) (   3,    3) (   3,    2) (   3,    2) (   3,    2) (   3,    2) (   3,    1) (   3,    5) (   3,    3)
          (   3,    3) (   3,    2) (   3,    2) (   3,    0) (   3,    3) (   3,    5) (   3,    2) (   3,    3) (   3,    3) (   3,    1)
          (   3,    6) (   3,    3) (   3,    3) (   3,    2) (   3,    6) (   3,    6) (   3,    3) (   3,    6) (   3,    3) (   3,    2)
          (   3,    5) (   3,    0) (   3,    4) (   3,    2) (   3,    4) (   3,    3) (   3,    4) (   3,    2) (   3,    2) (   3,    2)
          (   3,    2) (   3,    4) (   3,    2) (   3,    4) (   3,    7) (   3,    3) (   3,    2) (   3,    2) (   3,    3) (   3,    2)
          (   3,    2) (   3,    1) (   3,    1) (   3,    2) (   3,    4) (   3,    1) (   3,    4) (   3,    2) (   3,    1) (   3,    4)
          (   3,    3) (   3,    4) (   3,    3) (   3,    5) (   3,    3) (   3,    2) (   3,    4) (   3,    2) (   3,    3) (   3,    1)
          (   3,    1) (   3,    4) (   3,    1) (   3,    3) (   3,    5) (   3,    6) (   3,    2) (   3,    1) (   3,    1) (   3,    4)
          (   3,    4) (   3,    4) (   3,    3) (   3,    5) (   3,    2) (   3,    3) (   3,    3) (   3,    1) (   3,    5) (   3,    2)
          (   3,    1) (   3,    2) (   3,    6) (   3,    2) (   3,    4) (   3,    5) (   3,    4) (   3,    1) (   3,    6) (   3,    6)
          (   3,    3) (   3,    5) (   3,    2) (   3,    2) (   3,    3) (   3,    4) (   3,    0) (   3,    4) (   3,    4) (   3,    1)
          (   3,    3) (   3,    4) (   3,    3) (   3,    0) (   3,    3) (   3,    3) (   3,    2) (   3,    4) (   3,    3) (   3,    2)
          (   3,    2) (   3,    3) (   3,    3) (   3,    2) (   3,    3) (   3,    2) (   3,    4) (   3,    6) (   3,    2) (   3,    2)
          (   3,    3) (   3,    2) (   3,    3) (   3,    2) (   3,    2) (   3,    0) (   3,    3) (   3,    5) (   3,    3) (   3,    2)
          (   3,    2) (   3,    3) (   3,    5) (   3,    6) (   3,    4) (   3,    6) (   3,    5) (   3,    1) (   3,    2) (   3,    2)
          (   3,    1) (   3,    4) (   3,    4) (   3,    3) (   3,    6) (   3,    5) (   3,    2) (   3,    3) (   3,    2) (   3,    4)
          (   3,    4) (   3,    4) (   3,    2) (   3,    2) (   3,    3) (   3,    4) (   3,    4) (   3,    0) (   3,    2) (   3,    1)
          (   3,    1) (   3,    1) (   3,    3) (   3,    4) (   3,    4) (   3,    3) (   3,    4) (   3,    2) (   3,    4) (   3,    4)
          (   3,    6) (   3,    4) (   3,    3) (   3,    2) (   3,    2) (   3,    4) (   3,    4) (   3,    0) (   3,    1) (   3,    3)
          (   3,    4) (   3,    3) (   3,    4) (   3,    2) (   3,    3) (   3,    4) (   3,    3) (   3,    3) (   3,    2) (   3,    2)
          (   3,    3) (   3,    6) (   3,    2) (   3,    3) (   3,    4) (   3,    2) (   3,    2) (   3,    0) (   3,    4) (   3,    3)
          (   3,    6) (   3,    0) (   3,    5) (   3,    1) (   3,    2) (   3,    3) (   3,    2) (   3,    5) (   3,    3) (   3,    4)
          (   3,    4) (   3,    3) (   3,    4) (   3,    2) (   3,    3) (   3,    5) (   3,    1) (   3,    4) (   3,    4) (   3,    2)
          (   3,    2) (   3,    5) (   3,    0) (   3,    2) (   3,    1) (   3,    4) (   3,    4) (   3,    3) (   3,    1) (   3,    2)
          (   3,    4) (   3,    3) (   3,    3) (   3,    2) (   3,    4) (   3,    2) (   3,    3) (   3,    4) (   3,    4) (   3,    3)
          (   3,    4) (   3,    1) (   3,    4) (   3,    4) (   3,    3) (   3,    2) (   3,    2) (   3,    2) (   3,    3) (   3,    2)
          (   3,    1) (   3,    5) (   3,    6) (   3,    7) (   3,    2) (   3,    1) (   3,    3) (   3,    3) (   3,    6) (   3,    4)
          (   3,    4) (   3,    1) (   3,    4) (   3,    3) (   3,    3) (   3,    4) (   3,    4) (   3,    1) (   3,    2) (   3,    4)
          (   3,    2) (   3,    2) (   3,    3) (   3,    5) (   3,    2) (   3,    4) (   3,    1) (   3,    4) (   3,    6) (   3,    3)
          (   3,    2) (   3,    3) (   3,    6) (   3,    5) (   3,    6) (   3,    5) (   3,    3) (   3,    2) (   3,    5) (   3,    3)
          (   3,    2) (   3,    3) (   3,    1) (   3,    5) (   3,    0) (   3,    2) (   3,    2) (   3,    1) (   3,    5) (   3,    3)
          (   3,    1) (   3,    3) (   3,    2) (   3,    4) (   3,    8) (   3,    3) (   3,    1) (   3,    3) (   3,    2) (   3,    3)
          (   3,    4) (   3,    3) (   3,    1) (   3,    2) (   3,    2) (   3,    1) (   3,    1) (   3,    3) (   3,    4) (   3,    4)
          (   3,    2) (   3,    1) (   3,    3) (   3,    5) (   3,    7) (   3,    1) (   3,    3) (   3,    2) (   3,    2) (   3,    4)
          (   3,    5) (   3,    3) (   3,    3) (   3,    1) (   3,    2) (   3,    1) (   3,    4) (   3,    5) (   3,    3) (   3,    4)
          (   3,    2) (   3,    6) (   3,    5) (   3,    6) (   3,    3) (   3,    4) (   3,    2) (   3,    3) (   3,    3) (   3,    2)
          (   3,    1) (   3,    2) (   3,    2) (   3,    7) (   3,    1) (   3,    6) (   3,    4) (   3,    5) (   3,    1) (   3,    3)
          (   3,    2) (   3,    3) (   3,    2) (   3,    2) (   3,    4) (   3,    2) (   3,    3) (   3,    5) (   3,    4) (   3,    5)
          (   3,    3) (   3,    1) (   3,    0) (   3,    2) (   3,    4) (   3,    4) (   3,    1) (   3,    3) (   3,    3) (   3,    1)
          (   3,    2) (   3,    2) (   3,    2) (   3,    1) (   3,    6) (   3,    1) (   3,    3) (   3,    3) (   3,    3) (   3,    3)
          (   3,    3) (   3,    3) (   3,    6) (   3,    2) (   3,    3) (   3,    2) (   3,    4) (   3,    1) (   3,    4) (   3,    6)
          (   3,    1) (   3,    2) (   3,    5) (   3,    3) (   3,    3) (   3,    5) (   3,    1) (   3,    3) (   3,    2) (   3,    3)
          (   3,    3) (   3,    2) (   3,    5) (   3,    0) (   3,    3) (   3,    4) (   3,    3) (   3,    4) (   3,    4) (   3,    3)
          (   3,    4) (   3,    7) (   3,    3) (   3,    2) (   3,    3) (   3,    3) (   3,    5) (   3,    1) (   3,    3) (   3,    4)
          (   3,    2) (   3,    2) (   3,    4) (   3,    1) (   3,    4) (   3,    4) (   3,    1) (   3,    5) (   3,    1) (   3,    4)
         
node   1 sent_total   2106  recv_total   2129

node   2  (   1,    0) (   0,    0) (   2,    1) (   3,    3) (   3,    3) (   3,    1) (   3,    4) (   3,    3) (   3,    4) (   3,    3)
          (   3,    0) (   3,    3) (   3,    2) (   3,    2) (   3,    6) (   3,    3) (   3,    4) (   3,    4) (   3,    2) (   3,    4)
          (   3,    3) (   3,    5) (   3,    4) (   3,    3) (   3,    4) (   3,    2) (   3,    4) (   3,    2) (   3,    4) (   3,    2)
          (   3,    3) (   3,    3) (   3,    2) (   3,    4) (   3,    3) (   3,    2) (   3,    1) (   3,    5) (   3,    2) (   3,    2)
          (   3,    3) (   3,    1) (   3,    3) (   3,    4) (   3,    3) (   3,    4) (   3,    2) (   3,    3) (   3,    4) (   3,    3)
          (   3,    1) (   3,    5) (   3,    2) (   3,    0) (   3,    1) (   3,    5) (   3,    3) (   3,    3) (   3,    0) (   3,    4)
          (   3,    2) (   3,    4) (   3,    4) (   3,    4) (   3,    1) (   3,    2) (   3,    5) (   3,    2) (   3,    2) (   3,    3)
          (   3,    6) (   3,    2) (   3,    6) (   3,    3) (   3,    2) (   3,    1) (   3,    2) (   3,    1) (   3,    3) (   3,    1)
          (   3,    3) (   3,    2) (   3,    1) (   3,    1) (   3,    2) (   3,    4) (   3,    2) (   3,    4) (   3,    3) (   3,    3)
          (   3,    5) (   3,    1) (   3,    2) (   3,    4) (   3,    3) (   3,    7) (   3,    1) (   3,    2) (   3,    1) (   3,    3)
          (   3,    4) (   3,    4) (   3,    4) (   3,    0) (   3,    6) (   3,    3) (   3,    3) (   3,    3) (   3,    1) (   3,    2)
          (   3,    1) (   3,    2) (   3,    1) (   3,    2) (   3,    1) (   3,    2) (   3,    4) (   3,    3) (   3,    2) (   3,    1)
          (   3,    2) (   3,    3) (   3,    3) (   3,    4) (   3,    5) (   3,    2) (   3,    1) (   3,    3) (   3,    2) (   3,    4)
          (   3,    2) (   3,    3) (   3,    3) (   3,    3) (   3,    2) (   3,    7) (   3,    3) (   3,    2) (   3,    5) (   3,    1)
          (   3,    1) (   3,    3) (   3,    4) (   3,    4) (   3,    2) (   3,    5) (   3,    2) (   3,    5) (   3,    3) (   3,    4)
          (   3,    1) (   3,    3) (   3,    1) (   3,    1) (   3,    2) (   3,    2) (   3,    3) (   3,    3) (   3,    3) (   3,    6)
          (   3,    3) (   3,    3) (   3,    5) (   3,    3) (   3,    4) (   3,    3) (   3,    2) (   3,    2) (   3,    2) (   3,    4)
          (   3,    1) (   3,    5) (   3,    4) (   3,    2) (   3,    1) (   3,    3) (   3,    1) (   3,    2) (   3,    4) (   3,    4)
          (   3,    3) (   3,    2) (   3,    6) (   3,    4) (   3,    5) (   3,    3) (   3,    3) (   3,    2) (   3,    4) (   3,    2)
          (   3,    3) (   3,    2) (   3,    3) (   3,    2) (   3,    3) (   3,    3) (   3,    2) (   3,    1) (   3,    2) (   3,    2)
          (   3,    2) (   3,    3) (   3,    2) (   3,    5) (   3,    5) (   3,    5) (   3,    1) (   3,    3) (   3,    2) (   3,    3)
          (   3,    3) (   3,    2) (   3,    2) (   3,    3) (   3,    3) (   3,    3) (   3,    4) (   3,    4) (   3,    3) (   3,    3)
          (   3,    2) (   3,    4) (   3,    5) (   3,    3) (   3,    2) (   3,    4) (   3,    3) (   3,    3) (   3,    4) (   3,    4)
          (   3,    3) (   3,    4) (   3,    5) (   3,    3) (   3,    5) (   3,    2) (   3,    1) (   3,    3) (   3,    1) (   3,    1)
          (   3,    4) (   3,    0) (   3,    4) (   3,    2) (   3,    1) (   3,    3) (   3,    4) (   3,    5) (   3,    4) (   3,    1)
          (   3,    5) (   3,    3) (   3,    4) (   3,    3) (   3,    5) (   3,    4) (   3,    3) (   3,    4) (   3,    1) (   3,    1)
          (   3,    4) (   3,    5) (   3,    4) (   3,    4) (   3,    0) (   3,    3) (   3,    4) (   3,    5) (   3,    3) (   3,    2)
          (   3,    1) (   3,    3) (   3,    3) (   3,    3) (   3,    3) (   3,    1) (   3,    3) (   3,    1) (   3,    2) (   3,    5)
          (   3,    6) (   3,    2) (   3,    2) (   3,    4) (   3,    1) (   3,    1) (   3,    1) (   3,    4) (   3,    7) (   3,    4)
          (   3,    4) (   3,    5) (   3,    2) (   3,    4) (   3,    4) (   3,    5) (   3,    4) (   3,    3) (   3,    2) (   3,    4)
          (   3,    4) (   3,    2) (   3,    4) (   3,    4) (   3,    2) (   3,    3) (   3,    5) (   3,    5) (   3,    4) (   3,    2)
          (   3,    2) (   3,    5) (   3,    3) (   3,    3) (   3,    2) (   3,    3) (   3,    3) (   3,    3) (   3,    3) (   3,    5)
          (   3,    3) (   3,    6) (   3,    4) (   3,    4) (   3,    3) (   3,    2) (   3,    4) (   3,    3) (   3,    2) (   3,    3)
          (   3,    3) (   3,    4) (   3,    2) (   3,    3) (   3,    3) (   3,    3) (   3,    2) (   3,    3) (   3,    3) (   3,    4)
          (   3,    5) (   3,    1) (   3,    1) (   3,    4) (   3,    3) (   3,    2) (   3,    1) (   3,    4) (   3,    2) (   3,    0)
          (   3,    2) (   3,    6) (   3,    3) (   3,    5) (   3,    3) (   3,    2) (   3,    2) (   3,    3) (   3,    2) (   3,    3)
          (   3,    1) (   3,    5) (   3,    4) (   3,    3) (   3,    2) (   3,    4) (   3,    4) (   3,    2) (   3,    4) (   3,    3)
          (   3,    3) (   3,    4) (   3,    6) (   3,    1) (   3,    2) (   3,    3) (   3,    2) (   3,    2) (   3,    5) (   3,    5)
          (   3,    4) (   3,    3) (   3,    5) (   3,    4) (   3,    5) (   3,    3) (   3,    3) (   3,    5) (   3,    3) (   3,    3)
          (   3,    2) (   3,    3) (   3,    2) (   3,    2) (   3,    3) (   3,    2) (   3,    1) (   3,    5) (   3,    3) (   3,    3)
          (   3,    4) (   3,    5) (   3,    4) (   3,    2) (   3,    3) (   3,    4) (   3,    3) (   3,    5) (   3,    3) (   3,    2)
          (   3,    3) (   3,    2) (   3,    2) (   3,    2) (   3,    4) (   3,    4) (   3,    3) (   3,    1) (   3,    3) (   3,    5)
          (   3,    2) (   3,    3) (   3,    3) (   3,    1) (   3,    3) (   3,    3) (   3,    2) (   3,    3) (   3,    4) (   3,    3)
          (   3,    3) (   3,    2) (   3,    3) (   3,    0) (   3,    3) (   3,    5) (   3,    3) (   3,    2) (   3,    2) (   3,    3)
          (   3,    5) (   3,    3) (   3,    5) (   3,    3) (   3,    4) (   3,    3) (   3,    5) (   3,    1) (   3,    3) (   3,    3)
          (   3,    1) (   3,    3) (   3,    4) (   3,    2) (   3,    1) (   3,    5) (   3,    2) (   3,    3) (   3,    5) (   3,    2)
          (   3,    6) (   3,    2) (   3,    4) (   3,    3) (   3,    2) (   3,    3) (   3,    2) (   3,    4) (   3,    2) (   3,    3)
          (   3,    2) (   3,    2) (   3,    2) (   3,    5) (   3,    4) (   3,    2) (   3,    3) (   3,    2) (   3,    1) (   3,    2)
          (   3,    1) (   3,    1) (   3,    3) (   3,    5) (   3,    3) (   3,    1) (   3,    4) (   3,    2) (   3,    1) (   3,    2)
          (   3,    1) (   3,    1) (   3,    5) (   3,    2) (   3,    2) (   3,    4) (   3,    2) (   3,    7) (   3,    3) (   3,    5)
          (   3,    3) (   3,    1) (   3,    2) (   3,    3) (   3,    3) (   3,    1) (   3,    2) (   3,    1) (   3,    3) (   3,    5)
          (   3,    5) (   3,    2) (   3,    4) (   3,    3) (   3,    2) (   3,    5) (   3,    4) (   3,    4) (   3,    2) (   3,    2)
          (   3,    5) (   3,    7) (   3,    2) (   3,    5) (   3,    4) (   3,    7) (   3,    1) (   3,    3) (   3,    2) (   3,    3)
          (   3,    5) (   3,    2) (   3,    2) (   3,    1) (   3,    2) (   3,    0) (   3,    6) (   3,    4) (   3,    3) (   3,    3)
          (   3,    3) (   3,    5) (   3,    5) (   3,    2) (   3,    3) (   3,    3) (   3,    6) (   3,    4) (   3,    3) (   3,    2)
          (   3,    3) (   3,    6) (   3,    2) (   3,    3) (   3,    6) (   3,    2) (   3,    3) (   3,    2) (   3,    1) (   3,    2)
          (   3,    3) (   3,    3) (   3,    1) (   3,    4) (   3,    4) (   3,    2) (   3,    4) (   3,    3) (   3,    4) (   3,    2)
          (   3,    3) (   3,    1) (   3,    5) (   3,    5) (   3,    2) (   3,    4) (   3,    6) (   3,    5) (   3,    5) (   3,    4)
          (   3,    2) (   3,    5) (   3,    4) (   3,    4) (   3,    1) (   3,    2) (   3,    3) (   3,    6) (   3,    3) (   3,    4)
          (   3,    4) (   3,    6) (   3,    3) (   3,    3) (   3,    3) (   3,    5) (   3,    5) (   3,    2) (   3,    5) (   3,    1)
          (   3,    4) (   3,    3) (   3,    4) (   3,    4) (   3,    4) (   3,    0) (   3,    2) (   3,    5) (   3,    2) (   3,    3)
          (   3,    7) (   3,    4) (   3,    2) (   3,    1) (   3,    3) (   3,    5) (   3,    3) (   3,    2) (   3,    2) (   3,    1)
          (   3,    4) (   3,    1) (   3,    5) (   3,    3) (   3,    4) (   3,    3) (   3,    5) (   3,    2) (   3,    3) (   3,    5)
          (   3,    2) (   3,    5) (   3,    5) (   3,    5) (   3,    4) (   3,    2) (   3,    6) (   3,    5) (   3,    2) (   3,    5)
          (   3,    5) (   3,    3) (   3,    2) (   3,    4) (   3,    6) (   3,    6) (   3,    4) (   3,    3) (   3,    2) (   3,    2)
          (   3,    3) (   3,    4) (   3,    4) (   3,    2) (   3,    1) (   3,    7) (   3,    2) (   3,    6) (   3,    7) (   3,    5)
          (   3,    5) (   3,    3) (   3,    1) (   3,    4) (   3,    1) (   3,    3) (   3,    4) (   3,    3) (   3,    3) (   3,    2)
          (   3,    4) (   3,    0) (   3,    2) (   3,    2) (   3,    1) (   3,    4) (   3,    1) (   3,    2) (   3,    5) (   3,    3)
          (   3,    4) (   3,    3) (   3,    2) (   3,    3) (   3,    3) (   3,    3) (   3,    3) (   3,    3) (   3,    4) (   3,    2)
          (   3,    4) (   3,    4) (   3,    4) (   3,    5) (   3,    2) (   3,    5) (   3,    3) (   3,    2) (   3,    5) (   3,    2)
         
node   2 sent_total   2094  recv_total   2140

node   3  (   1,    0) (   0,    0) (   3,    2) (   3,    1) (   3,    5) (   3,    5) (   3,    4) (   3,    3) (   3,    2) (   3,    2)
          (   3,    5) (   3,    4) (   3,    3) (   3,    3) (   3,    1) (   3,    0) (   3,    3) (   3,    2) (   3,    2) (   3,    5)
          (   3,    2) (   3,    2) (   3,    6) (   3,    2) (   3,    2) (   3,    4) (   3,    3) (   3,    3) (   3,    2) (   3,    2)
          (   3,    4) (   3,    0) (   3,    3) (   3,    1) (   3,    5) (   3,    5) (   3,    4) (   3,    3) (   3,    4) (   3,    3)
          (   3,    5) (   3,    2) (   3,    4) (   3,    2) (   3,    2) (   3,    5) (   3,    2) (   3,    5) (   3,    3) (   3,    1)
          (   3,    4) (   3,    5) (   3,    1) (   3,    3) (   3,    2) (   3,    1) (   3,    1) (   3,    1) (   3,    6) (   3,    2)
          (   3,    2) (   3,    3) (   3,    5) (   3,    4) (   3,    4) (   3,    5) (   3,    5) (   3,    1) (   3,    0) (   3,    2)
          (   3,    2) (   3,    2) (   3,    2) (   3,    3) (   3,    4) (   3,    3) (   3,    1) (   3,    5) (   3,    3) (   3,    5)
          (   3,    2) (   3,    4) (   3,    5) (   3,    5) (   3,    3) (   3,    2) (   3,    3) (   3,    3) (   3,    1) (   3,    1)
          (   3,    4) (   3,    4) (   3,    4) (   3,    2) (   3,    5) (   3,    2) (   3,    5) (   3,    3) (   3,    6) (   3,    2)
          (   3,    5) (   3,    2) (   3,    2) (   3,    4) (   3,    0) (   3,    4) (   3,    2) (   3,    3) (   3,    0) (   3,    1)
          (   3,    2) (   3,    1) (   3,    1) (   3,    1) (   3,    4) (   3,    3) (   3,    3) (   3,    1) (   3,    4) (   3,    2)
          (   3,    3) (   3,    3) (   3,    6) (   3,    1) (   3,    2) (   3,    5) (   3,    5) (   3,    4) (   3,    1) (   3,    4)
          (   3,    2) (   3,    2) (   3,    5) (   3,    4) (   3,    4) (   3,    2) (   3,    0) (   3,    3) (   3,    2) (   3,    2)
          (   3,    2) (   3,    3) (   3,    6) (   3,    3) (   3,    4) (   3,    3) (   3,    1) (   3,    2) (   3,    3) (   3,    1)
          (   3,    4) (   3,    2) (   3,    3) (   3,    2) (   3,    3) (   3,    3) (   3,    1) (   3,    4) (   3,    1) (   3,    4)
          (   3,    3) (   3,    4) (   3,    3) (   3,    4) (   3,    4) (   3,    5) (   3,    3) (   3,    2) (   3,    5) (   3,    1)
          (   3,    1) (   3,    2) (   3,    2) (   3,    2) (   3,    3) (   3,    4) (   3,    2) (   3,    3) (   3,    2) (   3,    4)
          (   3,    2) (   3,    5) (   3,    1) (   3,    4) (   3,    1) (   3,    4) (   3,    4) (   3,    3) (   3,    5) (   3,    5)
          (   3,    4) (   3,    4) (   3,    2) (   3,    2) (   3,    3) (   3,    3) (   3,    4) (   3,    1) (   3,    1) (   3,    4)
          (   3,    0) (   3,    4) (   3,    1) (   3,    4) (   3,    2) (   3,    2) (   3,    4) (   3,    3) (   3,    3) (   3,    4)
          (   3,    4) (   3,    3) (   3,    2) (   3,    6) (   3,    0) (   3,    2) (   3,    3) (   3,    2) (   3,    1) (   3,    3)
          (   3,    3) (   3,    4) (   3,    3) (   3,    3) (   3,    0) (   3,    2) (   3,    2) (   3,    2) (   3,    2) (   3,    1)
          (   3,    3) (   3,    2) (   3,    3) (   3,    3) (   3,    3) (   3,    5) (   3,    2) (   3,    4) (   3,    6) (   3,    2)
          (   3,    2) (   3,    4) (   3,    3) (   3,    5) (   3,    3) (   3,    4) (   3,    1) (   3,    1) (   3,    4) (   3,    2)
          (   3,    1) (   3,    2) (   3,    2) (   3,    3) (   3,    4) (   3,    3) (   3,    3) (   3,    4) (   3,    1) (   3,    2)
          (   3,    1) (   3,    4) (   3,    3) (   3,    2) (   3,    1) (   3,    3) (   3,    4) (   3,    3) (   3,    2) (   3,    3)
          (   3,    4) (   3,    4) (   3,    2) (   3,    2) (   3,    2) (   3,    0) (   3,    3) (   3,    5) (   3,    4) (   3,    4)
          (   3,    3) (   3,    2) (   3,    3) (   3,    4) (   3,    4) (   3,    3) (   3,    2) (   3,    4) (   3,    4) (   3,    3)
          (   3,    2) (   3,    3) (   3,    2) (   3,    3) (   3,    3) (   3,    2) (   3,    3) (   3,    2) (   3,    2) (   3,    6)
          (   3,    0) (   3,    6) (   3,    5) (   3,    2) (   3,    3) (   3,    2) (   3,    5) (   3,    3) (   3,    4) (   3,    4)
          (   3,    6) (   3,    2) (   3,    2) (   3,    2) (   3,    5) (   3,    3) (   3,    1) (   3,    1) (   3,    5) (   3,    3)
          (   3,    4) (   3,    3) (   3,    3) (   3,    2) (   3,    3) (   3,    5) (   3,    3) (   3,    3) (   3,    2) (   3,    2)
          (   3,    4) (   3,    3) (   3,    3) (   3,    2) (   3,    4) (   3,    3) (   3,    3) (   3,    4) (   3,    3) (   3,    2)
          (   3,    3) (   3,    1) (   3,    3) (   3,    6) (   3,    2) (   3,    3) (   3,    2) (   3,    6) (   3,    4) (   3,    3)
          (   3,    3) (   3,    5) (   3,    2) (   3,    4) (   3,    3) (   3,    2) (   3,    3) (   3,    1) (   3,    4) (   3,    3)
          (   3,    4) (   3,    1) (   3,    2) (   3,    2) (   3,    2) (   3,    3) (   3,    2) (   3,    3) (   3,    5) (   3,    1)
          (   3,    4) (   3,    3) (   3,    3) (   3,    2) (   3,    3) (   3,    2) (   3,    5) (   3,    4) (   3,    5) (   3,    4)
          (   3,    4) (   3,    4) (   3,    4) (   3,    4) (   3,    2) (   3,    4) (   3,    2) (   3,    3) (   3,    2) (   3,    0)
          (   3,    3) (   3,    2) (   3,    3) (   3,    4) (   3,    5) (   3,    3) (   3,    2) (   3,    4) (   3,    4) (   3,    1)
          (   3,    2) (   3,    3) (   3,    3) (   3,    3) (   3,    2) (   3,    0) (   3,    3) (   3,    4) (   3,    5) (   3,    5)
          (   3,    3) (   3,    4) (   3,    4) (   3,    2) (   3,    3) (   3,    2) (   3,    4) (   3,    4) (   3,    2) (   3,    5)
          (   3,    4) (   3,    2) (   3,    2) (   3,    0) (   3,    2) (   3,    3) (   3,    3) (   3,    1) (   3,    3) (   3,    5)
          (   3,    3) (   3,    3) (   3,    5) (   3,    2) (   3,    1) (   3,    3) (   3,    3) (   3,    5) (   3,    3) (   3,    4)
          (   3,    3) (   3,    6) (   3,    2) (   3,    2) (   3,    5) (   3,    3) (   3,    3) (   3,    4) (   3,    4) (   3,    3)
          (   3,    2) (   3,    5) (   3,    3) (   3,    6) (   3,    4) (   3,    3) (   3,    2) (   3,    2) (   3,    4) (   3,    3)
          (   3,    3) (   3,    3) (   3,    3) (   3,    1) (   3,    3) (   3,    4) (   3,    3) (   3,    3) (   3,    1) (   3,    4)
          (   3,    3) (   3,    2) (   3,    6) (   3,    3) (   3,    3) (   3,    2) (   3,    3) (   3,    3) (   3,    4) (   3,    3)
          (   3,    5) (   3,    3) (   3,    3) (   3,    1) (   3,    5) (   3,    5) (   3,    2) (   3,    3) (   3,    6) (   3,    1)
          (   3,    3) (   3,    4) (   3,    2) (   3,    4) (   3,    5) (   3,    2) (   3,    5) (   3,    3) (   3,    2) (   3,    5)
          (   3,    3) (   3,    5) (   3,    3) (   3,    3) (   3,    2) (   3,    4) (   3,    3) (   3,    7) (   3,    1) (   3,    2)
          (   3,    4) (   3,    3) (   3,    1) (   3,    4) (   3,    4) (   3,    4) (   3,    3) (   3,    3) (   3,    4) (   3,    5)
          (   3,    1) (   3,    2) (   3,    4) (   3,    2) (   3,    2) (   3,    1) (   3,    3) (   3,    4) (   3,    1) (   3,    2)
          (   3,    1) (   3,    3) (   3,    2) (   3,    3) (   3,    4) (   3,    4) (   3,    4) (   3,    2) (   3,    2) (   3,    3)
          (   3,    5) (   3,    0) (   3,    3) (   3,    2) (   3,    4) (   3,    3) (   3,    4) (   3,    3) (   3,    3) (   3,    2)
          (   3,    2) (   3,    2) (   3,    3) (   3,    4) (   3,    7) (   3,    3) (   3,    5) (   3,    3) (   3,    6) (   3,    4)
          (   3,    1) (   3,    3) (   3,    2) (   3,    4) (   3,    2) (   3,    3) (   3,    6) (   3,    3) (   3,    2) (   3,    5)
          (   3,    5) (   3,    5) (   3,    5) (   3,    4) (   3,    3) (   3,    3) (   3,    4) (   3,    6) (   3,    2) (   3,    5)
          (   3,    5) (   3,    2) (   3,    3) (   3,    0) (   3,    2) (   3,    3) (   3,    4) (   3,    2) (   3,    3) (   3,    2)
          (   3,    3) (   3,    1) (   3,    3) (   3,    7) (   3,    5) (   3,    3) (   3,    2) (   3,    4) (   3,    4) (   3,    1)
          (   3,    1) (   3,    4) (   3,    3) (   3,    3) (   3,    4) (   3,    3) (   3,    1) (   3,    3) (   3,    4) (   3,    3)
          (   3,    3) (   3,    5) (   3,    3) (   3,    4) (   3,    4) (   3,    2) (   3,    2) (   3,    1) (   3,    4) (   3,    5)
          (   3,    3) (   3,    5) (   3,    4) (   3,    2) (   3,    4) (   3,    3) (   3,    1) (   3,    5) (   3,    2) (   3,    2)
          (   3,    5) (   3,    2) (   3,    0) (   3,    2) (   3,    2) (   3,    2) (   3,    3) (   3,    4) (   3,    2) (   3,    6)
          (   3,    1) (   3,    3) (   3,    3) (   3,    2) (   3,    3) (   3,    3) (   3,    2) (   3,    2) (   3,    5) (   3,    2)
          (   3,    3) (   3,    3) (   3,    2) (   3,    3) (   3,    2) (   3,    1) (   3,    4) (   3,    1) (   3,    1) (   3,    1)
          (   3,    4) (   3,    4) (   3,    2) (   3,    6) (   3,    1) (   3,    4) (   3,    0) (   3,    4) (   3,    2) (   3,    5)
          (   3,    4) (   3,    6) (   3,    1) (   3,    1) (   3,    2) (   3,    2) (   3,    3) (   3,    4) (   3,    3) (   3,    4)
          (   3,    1) (   3,    2) (   3,    4) (   3,    2) (   3,    4) (   3,    4) (   3,    3) (   3,    1) (   3,    6) (   3,    0)
          (   3,    3) (   3,    2) (   3,    3) (   3,    2) (   3,    3) (   3,    2) (   3,    2) (   3,    4) (   3,    5) (   3,    2)
         
node   3 sent_total   2095  recv_total   2084

node   4  (   1,    0) (   0,    0) (   3,    2) (   3,    2) (   3,    4) (   3,    3) (   3,    1) (   3,    3) (   3,    3) (   3,    8)
          (   3,    1) (   3,    0) (   3,    2) (   3,    5) (   3,    2) (   3,    2) (   3,    3) (   3,    2) (   3,    3) (   3,    3)
          (   3,    3) (   3,    4) (   3,    3) (   3,    2) (   3,    5) (   3,    4) (   3,    2) (   3,    3) (   3,    1) (   3,    2)
          (   3,    1) (   3,    3) (   3,    5) (   3,    2) (   3,    1) (   3,    3) (   3,    4) (   3,    2) (   3,    5) (   3,    4)
          (   3,    2) (   3,    3) (   3,    0) (   3,    2) (   3,    3) (   3,    1) (   3,    7) (   3,    5) (   3,    0) (   3,    1)
          (   3,    3) (   3,    1) (   3,    3) (   3,    3) (   3,    5) (   3,    3) (   3,    1) (   3,    3) (   3,    5) (   3,    2)
          (   3,    3) (   3,    3) (   3,    1) (   3,    4) (   3,    2) (   3,    4) (   3,    1) (   3,    3) (   3,    5) (   3,    6)
          (   3,    2) (   3,    2) (   3,    1) (   3,    5) (   3,    3) (   3,    5) (   3,    5) (   3,    0) (   3,    3) (   3,    3)
          (   3,    2) (   3,    2) (   3,    2) (   3,    0) (   3,    3) (   3,    3) (   3,    3) (   3,    3) (   3,    2) (   3,    7)
          (   3,    4) (   3,    1) (   3,    3) (   3,    6) (   3,    2) (   3,    1) (   3,    2) (   3,    7) (   3,    2) (   3,    5)
          (   3,    5) (   3,    4) (   3,    3) (   3,    2) (   3,    3) (   3,    2) (   3,    5) (   3,    1) (   3,    2) (   3,    3)
          (   3,    2) (   3,    2) (   3,    3) (   3,    3) (   3,    3) (   3,    1) (   3,    2) (   3,    4) (   3,    3) (   3,    3)
          (   3,    4) (   3,    4) (   3,    3) (   3,    3) (   3,    1) (   3,    4) (   3,    0) (   3,    1) (   3,    5) (   3,    4)
          (   3,    5) (   3,    0) (   3,    2) (   3,    3) (   3,    4) (   3,    3) (   3,    2) (   3,    3) (   3,    2) (   3,    2)
          (   3,    2) (   3,    4) (   3,    3) (   3,    1) (   3,    3) (   3,    1) (   3,    3) (   3,    1) (   3,    4) (   3,    1)
          (   3,    3) (   3,    2) (   3,    3) (   3,    3) (   3,    3) (   3,    5) (   3,    3) (   3,    2) (   3,    3) (   3,    3)
          (   3,    4) (   3,    4) (   3,    5) (   3,    4) (   3,    4) (   3,    4) (   3,    5) (   3,    2) (   3,    3) (   3,    2)
          (   3,    4) (   3,    1) (   3,    4) (   3,    4) (   3,    5) (   3,    6) (   3,    8) (   3,    4) (   3,    0) (   3,    3)
          (   3,    3) (   3,    3) (   3,    5) (   3,    4) (   3,    4) (   3,    1) (   3,    3) (   3,    2) (   3,    5) (   3,    4)
          (   3,    4) (   3,    2) (   3,    2) (   3,    2) (   3,    3) (   3,    2) (   3,    3) (   3,    4) (   3,    1) (   3,    2)
          (   3,    3) (   3,    2) (   3,    2) (   3,    2) (   3,    4) (   3,    5) (   3,    4) (   3,    7) (   3,    3) (   3,    3)
          (   3,    1) (   3,    4) (   3,    3) (   3,    3) (   3,    3) (   3,    3) (   3,    0) (   3,    1) (   3,    3) (   3,    6)
          (   3,    7) (   3,    5) (   3,    2) (   3,    1) (   3,    2) (   3,    4) (   3,    1) (   3,    3) (   3,    2) (   3,    3)
          (   3,    2) (   3,    4) (   3,    3) (   3,    4) (   3,    2) (   3,    6) (   3,    1) (   3,    2) (   3,    0) (   3,    5)
          (   3,    4) (   3,    1) (   3,    5) (   3,    4) (   3,    3) (   3,    3) (   3,    4) (   3,    4) (   3,    2) (   3,    5)
          (   3,    3) (   3,    3) (   3,    7) (   3,    1) (   3,    4) (   3,    4) (   3,    3) (   3,    3) (   3,    1) (   3,    4)
          (   3,    3) (   3,    2) (   3,    5) (   3,    6) (   3,    5) (   3,    1) (   3,    4) (   3,    3) (   3,    1) (   3,    6)
          (   3,    3) (   3,    5) (   3,    3) (   3,    4) (   3,    3) (   3,    4) (   3,    4) (   3,    3) (   3,    4) (   3,    2)
          (   3,    0) (   3,    4) (   3,    4) (   3,    1) (   3,    0) (   3,    2) (   3,    3) (   3,    3) (   3,    2) (   3,    1)
          (   3,    6) (   3,    5) (   3,    3) (   3,    1) (   3,    2) (   3,    5) (   3,    1) (   3,    3) (   3,    0) (   3,    3)
          (   3,    4) (   3,    2) (   3,    3) (   3,    4) (   3,    5) (   3,    3) (   3,    4) (   3,    3) (   3,    2) (   3,    5)
          (   3,    4) (   3,    0) (   3,    2) (   3,    5) (   3,    4) (   3,    2) (   3,    2) (   3,    2) (   3,    1) (   3,    4)
          (   3,    5) (   3,    3) (   3,    3) (   3,    3) (   3,    3) (   3,    3) (   3,    2) (   3,    2) (   3,    2) (   3,    2)
          (   3,    3) (   3,    5) (   3,    3) (   3,    3) (   3,    4) (   3,    5) (   3,    4) (   3,    5) (   3,    1) (   3,    3)
          (   3,    5) (   3,    2) (   3,    3) (   3,    3) (   3,    2) (   3,    2) (   3,    4) (   3,    4) (   3,    1) (   3,    5)
          (   3,    1) (   3,    2) (   3,    4) (   3,    2) (   3,    3) (   3,    3) (   3,    4) (   3,    2) (   3,    1) (   3,    5)
          (   3,    2) (   3,    3) (   3,    5) (   3,    4) (   3,    5) (   3,    5) (   3,    3) (   3,    4) (   3,    2) (   3,    4)
          (   3,    2) (   3,    3) (   3,    1) (   3,    2) (   3,    5) (   3,    2) (   3,    4) (   3,    2) (   3,    2) (   3,    4)
          (   3,    6) (   3,    2) (   3,    1) (   3,    2) (   3,    2) (   3,    2) (   3,    2) (   3,    0) (   3,    5) (   3,    4)
          (   3,    3) (   3,    3) (   3,    3) (   3,    1) (   3,    3) (   3,    3) (   3,    4) (   3,    4) (   3,    5) (   3,    3)
          (   3,    6) (   3,    3) (   3,    3) (   3,    4) (   3,    2) (   3,    3) (   3,    4) (   3,    1) (   3,    2) (   3,    0)
          (   3,    3) (   3,    4) (   3,    2) (   3,    2) (   3,    7) (   3,    3) (   3,    3) (   3,    3) (   3,    4) (   3,    5)
          (   3,    2) (   3,    3) (   3,    5) (   3,    6) (   3,    2) (   3,    4) (   3,    3) (   3,    0) (   3,    3) (   3,    3)
          (   3,    2) (   3,    4) (   3,    3) (   3,    5) (   3,    2) (   3,    2) (   3,    4) (   3,    3) (   3,    1) (   3,    2)
          (   3,    3) (   3,    3) (   3,    4) (   3,    2) (   3,    5) (   3,    3) (   3,    3) (   3,    3) (   3,    6) (   3,    4)
          (   3,    4) (   3,    0) (   3,    4) (   3,    2) (   3,    3) (   3,    4) (   3,    6) (   3,    4) (   3,    3) (   3,    5)
          (   3,    2) (   3,    4) (   3,    3) (   3,    4) (   3,    3) (   3,    1) (   3,    3) (   3,    3) (   3,    5) (   3,    4)
          (   3,    3) (   3,    2) (   3,    4) (   3,    2) (   3,    3) (   3,    3) (   3,    4) (   3,    4) (   3,    5) (   3,    2)
          (   3,    1) (   3,    3) (   3,    2) (   3,    2) (   3,    4) (   3,    3) (   3,    3) (   3,    4) (   3,    4) (   3,    3)
          (   3,    2) (   3,    4) (   3,    4) (   3,    4) (   3,    4) (   3,    2) (   3,    3) (   3,    3) (   3,    3) (   3,    5)
          (   3,    3) (   3,    2) (   3,    3) (   3,    0) (   3,    4) (   3,    3) (   3,    4) (   3,    0) (   3,    4) (   3,    3)
          (   3,    4) (   3,    2) (   3,    3) (   3,    2) (   3,    5) (   3,    4) (   3,    2) (   3,    4) (   3,    4) (   3,    2)
          (   3,    1) (   3,    3) (   3,    3) (   3,    2) (   3,    5) (   3,    3) (   3,    3) (   3,    4) (   3,    4) (   3,    3)
          (   3,    3) (   3,    3) (   3,    1) (   3,    1) (   3,    2) (   3,    0) (   3,    1) (   3,    4) (   3,    3) (   3,    4)
          (   3,    2) (   3,    3) (   3,    1) (   3,    3) (   3,    2) (   3,    1) (   3,    5) (   3,    6) (   3,    4) (   3,    5)
          (   3,    3) (   3,    1) (   3,    3) (   3,    1) (   3,    3) (   3,    4) (   3,    1) (   3,    3) (   3,    2) (   3,    3)
          (   3,    5) (   3,    3) (   3,    4) (   3,    2) (   3,    3) (   3,    0) (   3,    2) (   3,    4) (   3,    2) (   3,    2)
          (   3,    2) (   3,    3) (   3,    4) (   3,    2) (   3,    0) (   3,    3) (   3,    4) (   3,    1) (   3,    2) (   3,    2)
          (   3,    0) (   3,    3) (   3,    1) (   3,    3) (   3,    3) (   3,    2) (   3,    2) (   3,    5) (   3,    2) (   3,    4)
          (   3,    2) (   3,    4) (   3,    3) (   3,    6) (   3,    2) (   3,    4) (   3,    2) (   3,    3) (   3,    1) (   3,    2)
          (   3,    4) (   3,    2) (   3,    3) (   3,    1) (   3,    3) (   3,    2) (   3,    4) (   3,    3) (   3,    0) (   3,    3)
          (   3,    3) (   3,    4) (   3,    1) (   3,    2) (   3,    2) (   3,    1) (   3,    1) (   3,    2) (   3,    1) (   3,    2)
          (   3,    0) (   3,    2) (   3,    4) (   3,    2) (   3,    2) (   3,    4) (   3,    1) (   3,    3) (   3,    3) (   3,    4)
          (   3,    2) (   3,    4) (   3,    4) (   3,    2) (   3,    4) (   3,    3) (   3,    2) (   3,    4) (   3,    3) (   3,    3)
          (   3,    3) (   3,    4) (   3,    4) (   3,    2) (   3,    4) (   3,    3) (   3,    0) (   3,    1) (   3,    3) (   3,    2)
          (   3,    4) (   3,    3) (   3,    2) (   3,    2) (   3,    3) (   3,    4) (   3,    2) (   3,    4) (   3,    3) (   3,    4)
          (   3,    4) (   3,    1) (   3,    1) (   3,    3) (   3,    4) (   3,    3) (   3,    3) (   3,    2) (   3,    2) (   3,    3)
          (   3,    1) (   3,    4) (   3,    7) (   3,    2) (   3,    0) (   3,    3) (   3,    4) (   3,    3) (   3,    1) (   3,    3)
          (   3,    1) (   3,    4) (   3,    1) (   3,    4) (   3,    2) (   3,    3) (   3,    4) (   3,    3) (   3,    3) (   3,    6)
          (   3,    4) (   3,    2) (   3,    2) (   3,    5) (   3,    2) (   3,    3) (   3,    4) (   3,    3) (   3,    4) (   3,    5)
         
node   4 sent_total   2095  recv_total   2063

node   5  (   0,    0) (   1,    0) (   0,    0) (   3,    2) (   3,    3) (   3,    2) (   3,    4) (   3,    5) (   3,    2) (   3,    1)
          (   3,    5) (   3,    6) (   3,    4) (   3,    1) (   3,    6) (   3,    3) (   3,    5) (   3,    3) (   3,    5) (   3,    3)
          (   3,    3) (   3,    0) (   3,    3) (   3,    4) (   3,    2) (   3,    3) (   3,    1) (   3,    3) (   3,    1) (   3,    7)
          (   3,    2) (   3,    7) (   3,    3) (   3,    5) (   3,    4) (   3,    3) (   3,    5) (   3,    3) (   3,    2) (   3,    4)
          (   3,    1) (   3,    3) (   3,    5) (   3,    3) (   3,    2) (   3,    1) (   3,    2) (   3,    2) (   3,    7) (   3,    4)
          (   3,    2) (   3,    4) (   3,    5) (   3,    2) (   3,    3) (   3,    4) (   3,    1) (   3,    4) (   3,    2) (   3,    2)
          (   3,    1) (   3,    3) (   3,    2) (   3,    2) (   3,    6) (   3,    3) (   3,    3) (   3,    4) (   3,    5) (   3,    3)
          (   3,    6) (   3,    2) (   3,    1) (   3,    2) (   3,    4) (   3,    4) (   3,    2) (   3,    6) (   3,    1) (   3,    5)
          (   3,    7) (   3,    2) (   3,    2) (   3,    1) (   3,    3) (   3,    3) (   3,    3) (   3,    2) (   3,    1) (   3,    3)
          (   3,    2) (   3,    2) (   3,    1) (   3,    0) (   3,    0) (   3,    1) (   3,    4) (   3,    1) (   3,    2) (   3,    2)
          (   3,    2) (   3,    4) (   3,    2) (   3,    2) (   3,    3) (   3,    1) (   3,    3) (   3,    2) (   3,    2) (   3,    3)
          (   3,    5) (   3,    3) (   3,    4) (   3,    6) (   3,    2) (   3,    5) (   3,    2) (   3,    3) (   3,    4) (   3,    2)
          (   3,    3) (   3,    3) (   3,    3) (   3,    2) (   3,    3) (   3,    2) (   3,    1) (   3,    6) (   3,    3) (   3,    4)
          (   3,    2) (   3,    4) (   3,    1) (   3,    4) (   3,    3) (   3,    1) (   3,    4) (   3,    3) (   3,    3) (   3,    3)
          (   3,    5) (   3,    0) (   3,    1) (   3,    2) (   3,    7) (   3,    2) (   3,    3) (   3,    5) (   3,    3) (   3,    3)
          (   3,    2) (   3,    6) (   3,    3) (   3,    5) (   3,    3) (   3,    3) (   3,    4) (   3,    4) (   3,    4) (   3,    2)
          (   3,    2) (   3,    4) (   3,    1) (   3,    3) (   3,    1) (   3,    2) (   3,    3) (   3,    5) (   3,    3) (   3,    3)
          (   3,    4) (   3,    2) (   3,    3) (   3,    1) (   3,    3) (   3,    1) (   3,    4) (   3,    0) (   3,    4) (   3,    2)
          (   3,    2) (   3,    5) (   3,    2) (   3,    2) (   3,    5) (   3,    5) (   3,    2) (   3,    1) (   3,    1) (   3,    3)
          (   3,    5) (   3,    1) (   3,    2) (   3,    5) (   3,    3) (   3,    3) (   3,    4) (   3,    5) (   3,    4) (   3,    4)
          (   3,    4) (   3,    2) (   3,    5) (   3,    1) (   3,    2) (   3,    4) (   3,    3) (   3,    1) (   3,    6) (   3,    2)
          (   3,    3) (   3,    1) (   3,    4) (   3,    3) (   3,    4) (   3,    3) (   3,    1) (   3,    3) (   3,    3) (   3,    2)
          (   3,    3) (   3,    3) (   3,    4) (   3,    4) (   3,    5) (   3,    2) (   3,    3) (   3,    4) (   3,    3) (   3,    4)
          (   3,    1) (   3,    3) (   3,    2) (   3,    1) (   3,    4) (   3,    1) (   3,    2) (   3,    4) (   3,    4) (   3,    6)
          (   3,    6) (   3,    3) (   3,    1) (   3,    4) (   3,    7) (   3,    5) (   3,    3) (   3,    2) (   3,    4) (   3,    2)
          (   3,    1) (   3,    4) (   3,    5) (   3,    5) (   3,    5) (   3,    5) (   3,    4) (   3,    2) (   3,    4) (   3,    3)
          (   3,    5) (   3,    3) (   3,    2) (   3,    4) (   3,    4) (   3,    2) (   3,    1) (   3,    3) (   3,    3) (   3,    0)
          (   3,    2) (   3,    3) (   3,    3) (   3,    3) (   3,    3) (   3,    1) (   3,    5) (   3,    4) (   3,    3) (   3,    1)
          (   3,    1) (   3,    3) (   3,    2) (   3,    4) (   3,    4) (   3,    3) (   3,    2) (   3,    3) (   3,    1) (   3,    2)
          (   3,    2) (   3,    0) (   3,    5) (   3,    2) (   3,    1) (   3,    3) (   3,    0) (   3,    4) (   3,    3) (   3,    3)
          (   3,    1) (   3,    6) (   3,    5) (   3,    4) (   3,    2) (   3,    6) (   3,    1) (   3,    1) (   3,    3) (   3,    3)
          (   3,    3) (   3,    2) (   3,    4) (   3,    5) (   3,    1) (   3,    4) (   3,    4) (   3,    2) (   3,    4) (   3,    4)
          (   3,    2) (   3,    3) (   3,    4) (   3,    2) (   3,    3) (   3,    2) (   3,    3) (   3,    4) (   3,    5) (   3,    3)
          (   3,    2) (   3,    2) (   3,    3) (   3,    4) (   3,    2) (   3,    5) (   3,    3) (   3,    3) (   3,    3) (   3,    3)
          (   3,    2) (   3,    6) (   3,    3) (   3,    0) (   3,    7) (   3,    2) (   3,    1) (   3,    5) (   3,    3) (   3,    3)
          (   3,    4) (   3,    2) (   3,    6) (   3,    3) (   3,    3) (   3,    4) (   3,    1) (   3,    3) (   3,    4) (   3,    2)
          (   3,    3) (   3,    2) (   3,    4) (   3,    4) (   3,    3) (   3,    2) (   3,    3) (   3,    3) (   3,    4) (   3,    5)
          (   3,    3) (   3,    3) (   3,    3) (   3,    4) (   3,    3) (   3,    5) (   3,    4) (   3,    3) (   3,    4) (   3,    3)
          (   3,    1) (   3,    5) (   3,    3) (   3,    6) (   3,    1) (   3,    5) (   3,    5) (   3,    0) (   3,    1) (   3,    3)
          (   3,    3) (   3,    2) (   3,    2) (   3,    1) (   3,    1) (   3,    2) (   3,    4) (   3,    3) (   3,    2) (   3,    3)
          (   3,    4) (   3,    1) (   3,    3) (   3,    5) (   3,    3) (   3,    2) (   3,    3) (   3,    5) (   3,    5) (   3,    3)
          (   3,    3) (   3,    2) (   3,    4) (   3,    4) (   3,    2) (   3,    3) (   3,    2) (   3,    4) (   3,    1) (   3,    3)
          (   3,    5) (   3,    4) (   3,    4) (   3,    1) (   3,    2) (   3,    3) (   3,    3) (   3,    4) (   3,    3) (   3,    3)
          (   3,    0) (   3,    3) (   3,    1) (   3,    2) (   3,    3) (   3,    4) (   3,    1) (   3,    3) (   3,    1) (   3,    6)
          (   3,    3) (   3,    4) (   3,    1) (   3,    6) (   3,    3) (   3,    1) (   3,    2) (   3,    4) (   3,    6) (   3,    3)
          (   3,    4) (   3,    1) (   3,    3) (   3,    4) (   3,    3) (   3,    2) (   3,    4) (   3,    5) (   3,    1) (   3,    2)
          (   3,    1) (   3,    5) (   3,    1) (   3,    4) (   3,    3) (   3,    4) (   3,    2) (   3,    1) (   3,    2) (   3,    2)
          (   3,    5) (   3,    2) (   3,    2) (   3,    5) (   3,    2) (   3,    3) (   3,    2) (   3,    2) (   3,    3) (   3,    5)
          (   3,    5) (   3,    2) (   3,    4) (   3,    5) (   3,    3) (   3,    0) (   3,    3) (   3,    4) (   3,    2) (   3,    3)
          (   3,    1) (   3,    3) (   3,    4) (   3,    2) (   3,    4) (   3,    2) (   3,    3) (   3,    2) (   3,    3) (   3,    0)
          (   3,    2) (   3,    4) (   3,    3) (   3,    2) (   3,    4) (   3,    5) (   3,    0) (   3,    1) (   3,    5) (   3,    4)
          (   3,    3) (   3,    4) (   3,    3) (   3,    3) (   3,    2) (   3,    1) (   3,    2) (   3,    3) (   3,    2) (   3,    2)
          (   3,    4) (   3,    4) (   3,    3) (   3,    3) (   3,    3) (   3,    2) (   3,    2) (   3,    3) (   3,    4) (   3,    4)
          (   3,    1) (   3,    5) (   3,    5) (   3,    2) (   3,    3) (   3,    4) (   3,    4) (   3,    2) (   3,    3) (   3,    4)
          (   3,    4) (   3,    5) (   3,    3) (   3,    1) (   3,    4) (   3,    3) (   3,    4) (   3,    2) (   3,    0) (   3,    6)
          (   3,    1) (   3,    3) (   3,    6) (   3,    1) (   3,    1) (   3,    4) (   3,    4) (   3,    4) (   3,    2) (   3,    2)
          (   3,    6) (   3,    2) (   3,    4) (   3,    2) (   3,    2) (   3,    2) (   3,    2) (   3,    2) (   3,    4) (   3,    4)
          (   3,    1) (   3,    2) (   3,    1) (   3,    3) (   3,    5) (   3,    1) (   3,    3) (   3,    2) (   3,    3) (   3,    2)
          (   3,    1) (   3,    4) (   3,    2) (   3,    3) (   3,    1) (   3,    4) (   3,    3) (   3,    4) (   3,    2) (   3,    2)
          (   3,    2) (   3,    1) (   3,    1) (   3,    3) (   3,    4) (   3,    3) (   3,    4) (   3,    1) (   3,    2) (   3,    6)
          (   3,    6) (   3,    3) (   3,    3) (   3,    5) (   3,    6) (   3,    5) (   3,    1) (   3,    4) (   3,    5) (   3,    2)
          (   3,    1) (   3,    1) (   3,    3) (   3,    1) (   3,    1) (   3,    0) (   3,    2) (   3,    3) (   3,    4) (   3,    1)
          (   3,    2) (   3,    6) (   3,    2) (   3,    2) (   3,    3) (   3,    3) (   3,    2) (   3,    4) (   3,    2) (   3,    4)
          (   3,    6) (   3,    3) (   3,    3) (   3,    4) (   3,    3) (   3,    4) (   3,    3) (   3,    3) (   3,    3) (   3,    3)
          (   3,    4) (   3,    2) (   3,    5) (   3,    5) (   3,    0) (   3,    1) (   3,    2) (   3,    1) (   3,    3) (   3,    3)
          (   3,    4) (   3,    3) (   3,    3) (   3,    6) (   3,    5) (   3,    1) (   3,    1) (   3,    4) (   3,    4) (   3,    1)
          (   3,    2) (   3,    2) (   3,    4) (   3,    1) (   3,    1) (   3,    2) (   3,    6) (   3,    2) (   3,    3) (   3,    4)
          (   3,    2) (   3,    0) (   3,    3) (   3,    4) (   3,    5) (   3,    1) (   3,    5) (   3,    1) (   3,    5) (   3,    3)
          (   3,    3) (   3,    3) (   3,    1) (   3,    3) (   3,    4) (   3,    3) (   3,    1) (   3,    3) (   3,    5) (   3,    5)
          (   3,    4) (   3,    2) (   3,    2) (   3,    1) (   3,    1) (   3,    5) (   3,    5) (   3,    1) (   3,    1) (   3,    2)
         
node   5 sent_total   2092  recv_total   2068

node   6  (   0,    0) (   1,    0) (   0,    0) (   3,    1) (   3,    1) (   3,    4) (   3,    1) (   3,    7) (   3,    1) (   3,    1)
          (   3,    2) (   3,    1) (   3,    5) (   3,    4) (   3,    2) (   3,    3) (   3,    5) (   3,    5) (   3,    4) (   3,    4)
          (   3,    3) (   3,    3) (   3,    1) (   3,    2) (   3,    2) (   3,    1) (   3,    2) (   3,    3) (   3,    4) (   3,    4)
          (   3,    3) (   3,    1) (   3,    2) (   3,    2) (   3,    3) (   3,    2) (   3,    3) (   3,    2) (   3,    4) (   3,    4)
          (   3,    5) (   3,    2) (   3,    3) (   3,    1) (   3,    4) (   3,    4) (   3,    2) (   3,    0) (   3,    3) (   3,    3)
          (   3,    0) (   3,    5) (   3,    1) (   3,    5) (   3,    2) (   3,    3) (   3,    2) (   3,    4) (   3,    4) (   3,    2)
          (   3,    2) (   3,    5) (   3,    6) (   3,    4) (   3,    0) (   3,    2) (   3,    5) (   3,    5) (   3,    2) (   3,    5)
          (   3,    3) (   3,    2) (   3,    2) (   3,    1) (   3,    5) (   3,    1) (   3,    3) (   3,    2) (   3,    4) (   3,    1)
          (   3,    3) (   3,    1) (   3,    3) (   3,    5) (   3,    5) (   3,    4) (   3,    4) (   3,    2) (   3,    4) (   3,    5)
          (   3,    2) (   3,    4) (   3,    5) (   3,    3) (   3,    1) (   3,    4) (   3,    3) (   3,    3) (   3,    5) (   3,    3)
          (   3,    3) (   3,    5) (   3,    3) (   3,    2) (   3,    0) (   3,    3) (   3,    3) (   3,    6) (   3,    5) (   3,    2)
          (   3,    3) (   3,    5) (   3,    3) (   3,    2) (   3,    6) (   3,    3) (   3,    4) (   3,    4) (   3,    1) (   3,    4)
          (   3,    2) (   3,    3) (   3,    0) (   3,    0) (   3,    3) (   3,    3) (   3,    5) (   3,    4) (   3,    3) (   3,    2)
          (   3,    3) (   3,    5) (   3,    3) (   3,    3) (   3,    3) (   3,    1) (   3,    2) (   3,    1) (   3,    3) (   3,    4)
          (   3,    2) (   3,    3) (   3,    2) (   3,    5) (   3,    3) (   3,    1) (   3,    2) (   3,    1) (   3,    2) (   3,    4)
          (   3,    4) (   3,    3) (   3,    5) (   3,    4) (   3,    6) (   3,    4) (   3,    1) (   3,    2) (   3,    4) (   3,    1)
          (   3,    6) (   3,    4) (   3,    3) (   3,    4) (   3,    2) (   3,    4) (   3,    3) (   3,    4) (   3,    2) (   3,    4)
          (   3,    4) (   3,    3) (   3,    3) (   3,    2) (   3,    5) (   3,    3) (   3,    2) (   3,    4) (   3,    2) (   3,    3)
          (   3,    2) (   3,    3) (   3,    2) (   3,    3) (   3,    2) (   3,    3) (   3,    3) (   3,    4) (   3,    3) (   3,    0)
          (   3,    4) (   3,    4) (   3,    2) (   3,    7) (   3,    5) (   3,    3) (   3,    5) (   3,    3) (   3,    4) (   3,    4)
          (   3,    2) (   3,    3) (   3,    2) (   3,    3) (   3,    5) (   3,    2) (   3,    2) (   3,    3) (   3,    2) (   3,    3)
          (   3,    4) (   3,    3) (   3,    3) (   3,    3) (   3,    3) (   3,    2) (   3,    4) (   3,    3) (   3,    2) (   3,    1)
          (   3,    4) (   3,    4) (   3,    4) (   3,    3) (   3,    3) (   3,    7) (   3,    3) (   3,    3) (   3,    5) (   3,    5)
          (   3,    4) (   3,    2) (   3,    3) (   3,    4) (   3,    4) (   3,    2) (   3,    4) (   3,    4) (   3,    3) (   3,    1)
          (   3,    1) (   3,    4) (   3,    2) (   3,    2) (   3,    2) (   3,    4) (   3,    2) (   3,    2) (   3,    2) (   3,    2)
          (   3,    6) (   3,    2) (   3,    4) (   3,    2) (   3,    1) (   3,    4) (   3,    3) (   3,    6) (   3,    4) (   3,    3)
          (   3,    6) (   3,    3) (   3,    2) (   3,    4) (   3,    4) (   3,    3) (   3,    1) (   3,    2) (   3,    4) (   3,    5)
          (   3,    5) (   3,    2) (   3,    4) (   3,    3) (   3,    2) (   3,    4) (   3,    0) (   3,    1) (   3,    2) (   3,    3)
          (   3,    3) (   3,    2) (   3,    0) (   3,    2) (   3,    5) (   3,    5) (   3,    5) (   3,    3) (   3,    3) (   3,    4)
          (   3,    2) (   3,    0) (   3,    5) (   3,    2) (   3,    3) (   3,    3) (   3,    5) (   3,    7) (   3,    4) (   3,    3)
          (   3,    3) (   3,    2) (   3,    3) (   3,    3) (   3,    3) (   3,    5) (   3,    3) (   3,    3) (   3,    4) (   3,    2)
          (   3,    3) (   3,    4) (   3,    4) (   3,    2) (   3,    4) (   3,    6) (   3,    6) (   3,    5) (   3,    4) (   3,    1)
          (   3,    5) (   3,    2) (   3,    3) (   3,    4) (   3,    1) (   3,    2) (   3,    3) (   3,    1) (   3,    5) (   3,    5)
          (   3,    3) (   3,    4) (   3,    4) (   3,    3) (   3,    2) (   3,    1) (   3,    1) (   3,    4) (   3,    3) (   3,    3)
          (   3,    1) (   3,    7) (   3,    2) (   3,    4) (   3,    2) (   3,    2) (   3,    4) (   3,    2) (   3,    4) (   3,    3)
          (   3,    2) (   3,    4) (   3,    2) (   3,    3) (   3,    3) (   3,    3) (   3,    3) (   3,    2) (   3,    1) (   3,    2)
          (   3,    6) (   3,    6) (   3,    5) (   3,    3) (   3,    3) (   3,    5) (   3,    3) (   3,    2) (   3,    2) (   3,    2)
          (   3,    2) (   3,    4) (   3,    2) (   3,    5) (   3,    2) (   3,    4) (   3,    3) (   3,    2) (   3,    3) (   3,    1)
          (   3,    4) (   3,    1) (   3,    4) (   3,    2) (   3,    5) (   3,    3) (   3,    5) (   3,    4) (   3,    7) (   3,    4)
          (   3,    1) (   3,    3) (   3,    6) (   3,    5) (   3,    4) (   3,    3) (   3,    3) (   3,    1) (   3,    2) (   3,    6)
          (   3,    5) (   3,    6) (   3,    1) (   3,    1) (   3,    4) (   3,    4) (   3,    2) (   3,    2) (   3,    3) (   3,    3)
          (   3,    2) (   3,    3) (   3,    3) (   3,    4) (   3,    3) (   3,    3) (   3,    3) (   3,    5) (   3,    4) (   3,    1)
          (   3,    3) (   3,    3) (   3,    4) (   3,    6) (   3,    4) (   3,    2) (   3,    3) (   3,    6) (   3,    4) (   3,    0)
          (   3,    3) (   3,    3) (   3,    4) (   3,    5) (   3,    3) (   3,    2) (   3,    2) (   3,    6) (   3,    4) (   3,    3)
          (   3,    5) (   3,    3) (   3,    2) (   3,    3) (   3,    1) (   3,    4) (   3,    3) (   3,    3) (   3,    2) (   3,    0)
          (   3,    5) (   3,    3) (   3,    3) (   3,    3) (   3,    2) (   3,    2) (   3,    4) (   3,    4) (   3,    3) (   3,    3)
          (   3,    2) (   3,    3) (   3,    2) (   3,    3) (   3,    5) (   3,    4) (   3,    3) (   3,    2) (   3,    3) (   3,    4)
          (   3,    0) (   3,    5) (   3,    2) (   3,    2) (   3,    1) (   3,    3) (   3,    1) (   3,    2) (   3,    4) (   3,    2)
          (   3,    3) (   3,    4) (   3,    3) (   3,    3) (   3,    3) (   3,    6) (   3,    4) (   3,    2) (   3,    4) (   3,    6)
          (   3,    3) (   3,    2) (   3,    2) (   3,    5) (   3,    2) (   3,    3) (   3,    1) (   3,    1) (   3,    5) (   3,    4)
          (   3,    1) (   3,    3) (   3,    2) (   3,    3) (   3,    4) (   3,    3) (   3,    3) (   3,    5) (   3,    3) (   3,    2)
          (   3,    1) (   3,    1) (   3,    2) (   3,    3) (   3,    4) (   3,    3) (   3,    5) (   3,    2) (   3,    0) (   3,    5)
          (   3,    2) (   3,    3) (   3,    4) (   3,    1) (   3,    2) (   3,    3) (   3,    5) (   3,    3) (   3,    6) (   3,    3)
          (   3,    1) (   3,    3) (   3,    3) (   3,    4) (   3,    2) (   3,    2) (   3,    3) (   3,    0) (   3,    4) (   3,    5)
          (   3,    4) (   3,    2) (   3,    2) (   3,    3) (   3,    2) (   3,    2) (   3,    2) (   3,    3) (   3,    2) (   3,    2)
          (   3,    3) (   3,    1) (   3,    4) (   3,    4) (   3,    2) (   3,    4) (   3,    2) (   3,    5) (   3,    2) (   3,    5)
          (   3,    4) (   3,    4) (   3,    4) (   3,    5) (   3,    2) (   3,    5) (   3,    3) (   3,    2) (   3,    4) (   3,    1)
          (   3,    3) (   3,    2) (   3,    1) (   3,    2) (   3,    4) (   3,    5) (   3,    2) (   3,    3) (   3,    1) (   3,    3)
          (   3,    6) (   3,    3) (   3,    4) (   3,    0) (   3,    4) (   3,    4) (   3,    3) (   3,    1) (   3,    4) (   3,    3)
          (   3,    1) (   3,    3) (   3,    4) (   3,    2) (   3,    0) (   3,    4) (   3,    2) (   3,    4) (   3,    1) (   3,    3)
          (   3,    2) (   3,    4) (   3,    3) (   3,    2) (   3,    1) (   3,    5) (   3,    5) (   3,    1) (   3,    3) (   3,    4)
          (   3,    2) (   3,    3) (   3,    2) (   3,    3) (   3,    4) (   3,    4) (   3,    3) (   3,    3) (   3,    3) (   3,    4)
          (   3,    5) (   3,    3) (   3,    2) (   3,    4) (   3,    0) (   3,    3) (   3,    2) (   3,    2) (   3,    3) (   3,    0)
          (   3,    3) (   3,    5) (   3,    3) (   3,    7) (   3,    4) (   3,    3) (   3,    1) (   3,    1) (   3,    5) (   3,    2)
          (   3,    4) (   3,    6) (   3,    1) (   3,    3) (   3,    1) (   3,    1) (   3,    4) (   3,    3) (   3,    4) (   3,    4)
          (   3,    1) (   3,    3) (   3,    3) (   3,    4) (   3,    2) (   3,    2) (   3,    4) (   3,    2) (   3,    4) (   3,    2)
          (   3,    2) (   3,    5) (   3,    4) (   3,    1) (   3,    2) (   3,    2) (   3,    2) (   3,    1) (   3,    5) (   3,    2)
          (   3,    2) (   3,    3) (   3,    3) (   3,    3) (   3,    4) (   3,    2) (   3,    2) (   3,    4) (   3,    3) (   3,    4)
          (   3,    4) (   3,    2) (   3,    7) (   3,    1) (   3,    2) (   3,    3) (   3,    2) (   3,    2) (   3,    1) (   3,    2)
          (   3,    1) (   3,    4) (   3,    2) (   3,    4) (   3,    5) (   3,    1) (   3,    1) (   3,    3) (   3,    2) (   3,    2)
         
node   6 sent_total   2092  recv_total   2111

node   7  (   0,    0) (   1,    0) (   0,    0) (   3,    1) (   3,    3) (   3,    4) (   3,    4) (   3,    2) (   3,    3) (   3,    2)
          (   3,    1) (   3,    1) (   3,    3) (   3,    1) (   3,    2) (   3,    4) (   3,    2) (   3,    3) (   3,    4) (   3,    2)
          (   3,    3) (   3,    4) (   3,    3) (   3,    5) (   3,    4) (   3,    3) (   3,    1) (   3,    3) (   3,    4) (   3,    0)
          (   3,    4) (   3,    4) (   3,    3) (   3,    5) (   3,    4) (   3,    3) (   3,    2) (   3,    4) (   3,    5) (   3,    3)
          (   3,    2) (   3,    5) (   3,    2) (   3,    1) (   3,    1) (   3,    4) (   3,    4) (   3,    2) (   3,    4) (   3,    1)
          (   3,    3) (   3,    4) (   3,    3) (   3,    2) (   3,    4) (   3,    4) (   3,    8) (   3,    3) (   3,    2) (   3,    3)
          (   3,    1) (   3,    0) (   3,    2) (   3,    3) (   3,    5) (   3,    2) (   3,    3) (   3,    2) (   3,    5) (   3,    2)
          (   3,    3) (   3,    4) (   3,    2) (   3,    3) (   3,    2) (   3,    3) (   3,    4) (   3,    6) (   3,    4) (   3,    0)
          (   3,    2) (   3,    6) (   3,    0) (   3,    5) (   3,    4) (   3,    3) (   3,    4) (   3,    3) (   3,    2) (   3,    1)
          (   3,    1) (   3,    3) (   3,    2) (   3,    3) (   3,    4) (   3,    3) (   3,    4) (   3,    1) (   3,    2) (   3,    3)
          (   3,    1) (   0,    0) (   0,    0) (   0,    0) (   0,    0) (   0,    0) (   0,    0) (   0,    0) (   0,    0) (   0,    0)
          (   0,    0) (   0,    0) (   0,    0) (   0,    0) (   0,    0) (   0,    0) (   0,    0) (   0,    0) (   0,    0) (   0,    0)
          (   0,    0) (   0,    0) (   0,    0) (   0,    0) (   0,    0) (   0,    0) (   0,    0) (   0,    0) (   0,    0) (   0,    0)
          (   0,    0) (   0,    0) (   0,    0) (   0,    0) (   0,    0) (   0,    0) (   0,    0) (   0,    0) (   0,    0) (   0,    0)
          (   0,    0) (   0,    0) (   0,    0) (   0,    0) (   0,    0) (   0,    0) (   0,    0) (   0,    0) (   0,    0) (   0,    0)
          (   0,    0) (   0,    0) (   0,    0) (   0,    0) (   0,    0) (   0,    0) (   0,    0) (   0,    0) (   0,    0) (   0,    0)
          (   0,    0) (   0,    0) (   0,    0) (   0,    0) (   0,    0) (   0,    0) (   0,    0) (   0,    0) (   0,    0) (   0,    0)
          (   0,    0) (   0,    0) (   0,    0) (   0,    0) (   0,    0) (   0,    0) (   0,    0) (   0,    0) (   0,    0) (   0,    0)
          (   0,    0) (   0,    0) (   0,    0) (   0,    0) (   0,    0) (   0,    0) (   0,    0) (   0,    0) (   0,    0) (   0,    0)
          (   0,    0) (   0,    0) (   0,    0) (   0,    0) (   0,    0) (   0,    0) (   0,    0) (   0,    0) (   0,    0) (   0,    0)
          (   0,    0) (   0,    0) (   0,    0) (   0,    0) (   0,    0) (   0,    0) (   0,    0) (   0,    0) (   0,    0) (   0,    0)
          (   0,    0) (   0,    0) (   0,    0) (   0,    0) (   0,    0) (   0,    0) (   0,    0) (   0,    0) (   0,    0) (   0,    0)
          (   0,    0) (   0,    0) (   0,    0) (   0,    0) (   0,    0) (   0,    0) (   0,    0) (   0,    0) (   0,    0) (   0,    0)
          (   0,    0) (   0,    0) (   0,    0) (   0,    0) (   0,    0) (   0,    0) (   0,    0) (   0,    0) (   0,    0) (   0,    0)
          (   0,    0) (   0,    0) (   0,    0) (   0,    0) (   0,    0) (   0,    0) (   0,    0) (   0,    0) (   0,    0) (   0,    0)
          (   0,    0) (   0,    0) (   0,    0) (   0,    0) (   0,    0) (   0,    0) (   0,    0) (   0,    0) (   0,    0) (   0,    0)
          (   0,    0) (   0,    0) (   0,    0) (   0,    0) (   0,    0) (   0,    0) (   0,    0) (   0,    0) (   0,    0) (   0,    0)
          (   0,    0) (   0,    0) (   0,    0) (   0,    0) (   0,    0) (   0,    0) (   0,    0) (   0,    0) (   0,    0) (   0,    0)
          (   0,    0) (   0,    0) (   0,    0) (   0,    0) (   0,    0) (   0,    0) (   0,    0) (   0,    0) (   0,    0) (   0,    0)
          (   0,    0) (   0,    0) (   0,    0) (   0,    0) (   0,    0) (   0,    0) (   0,    0) (   0,    0) (   0,    0) (   0,    0)
          (   0,    0) (   0,    0) (   0,    0) (   0,    0) (   0,    0) (   0,    0) (   0,    0) (   0,    0) (   0,    0) (   0,    0)
          (   0,    0) (   0,    0) (   0,    0) (   0,    0) (   0,    0) (   0,    0) (   0,    0) (   0,    0) (   0,    0) (   0,    0)
          (   0,    0) (   0,    0) (   0,    0) (   0,    0) (   0,    0) (   0,    0) (   0,    0) (   0,    0) (   0,    0) (   0,    0)
          (   0,    0) (   0,    0) (   0,    0) (   0,    0) (   0,    0) (   0,    0) (   0,    0) (   0,    0) (   0,    0) (   0,    0)
          (   0,    0) (   0,    0) (   0,    0) (   0,    0) (   0,    0) (   0,    0) (   0,    0) (   0,    0) (   0,    0) (   0,    0)
          (   0,    0) (   0,    0) (   0,    0) (   0,    0) (   0,    0) (   0,    0) (   0,    0) (   0,    0) (   0,    0) (   0,    0)
          (   0,    0) (   0,    0) (   0,    0) (   0,    0) (   0,    0) (   0,    0) (   0,    0) (   0,    0) (   0,    0) (   0,    0)
          (   0,    0) (   0,    0) (   0,    0) (   0,    0) (   0,    0) (   0,    0) (   0,    0) (   0,    0) (   0,    0) (   0,    0)
          (   0,    0) (   0,    0) (   0,    0) (   0,    0) (   0,    0) (   0,    0) (   0,    0) (   0,    0) (   0,    0) (   0,    0)
          (   0,    0) (   0,    0) (   0,    0) (   0,    0) (   0,    0) (   0,    0) (   0,    0) (   0,    0) (   0,    0) (   0,    0)
          (   0,    0) (   0,    0) (   0,    0) (   0,    0) (   0,    0) (   0,    0) (   0,    0) (   0,    0) (   0,    0) (   0,    0)
          (   0,    0) (   0,    0) (   0,    0) (   0,    0) (   0,    0) (   0,    0) (   0,    0) (   0,    0) (   0,    0) (   0,    0)
          (   0,    0) (   0,    0) (   0,    0) (   0,    0) (   0,    0) (   0,    0) (   0,    0) (   0,    0) (   0,    0) (   0,    0)
          (   0,    0) (   0,    0) (   0,    0) (   0,    0) (   0,    0) (   0,    0) (   0,    0) (   0,    0) (   0,    0) (   0,    0)
          (   0,    0) (   0,    0) (   0,    0) (   0,    0) (   0,    0) (   0,    0) (   0,    0) (   0,    0) (   0,    0) (   0,    0)
          (   0,    0) (   0,    0) (   0,    0) (   0,    0) (   0,    0) (   0,    0) (   0,    0) (   0,    0) (   0,    0) (   0,    0)
          (   0,    0) (   0,    0) (   0,    0) (   0,    0) (   0,    0) (   0,    0) (   0,    0) (   0,    0) (   0,    0) (   0,    0)
          (   0,    0) (   0,    0) (   0,    0) (   0,    0) (   0,    0) (   0,    0) (   0,    0) (   0,    0) (   0,    0) (   0,    0)
          (   0,    0) (   0,    0) (   0,    0) (   0,    0) (   0,    0) (   0,    0) (   0,    0) (   0,    0) (   0,    0) (   0,    0)
          (   0,    0) (   0,    0) (   0,    0) (   0,    0) (   0,    0) (   0,    0) (   0,    0) (   0,    0) (   0,    0) (   0,    0)
          (   0,    0) (   0,    0) (   0,    0) (   0,    0) (   0,    0) (   0,    0) (   0,    0) (   0,    0) (   0,    0) (   0,    0)
          (   0,    0) (   0,    0) (   0,    0) (   0,    0) (   0,    0) (   0,    0) (   0,    0) (   0,    0) (   0,    0) (   0,    0)
          (   0,    0) (   0,    0) (   0,    0) (   0,    0) (   0,    0) (   0,    0) (   0,    0) (   0,    0) (   0,    0) (   0,    0)
          (   0,    0) (   0,    0) (   0,    0) (   0,    0) (   0,    0) (   0,    0) (   0,    0) (   0,    0) (   0,    0) (   0,    0)
          (   0,    0) (   0,    0) (   0,    0) (   0,    0) (   0,    0) (   0,    0) (   0,    0) (   0,    0) (   0,    0) (   0,    0)
          (   0,    0) (   0,    0) (   0,    0) (   0,    0) (   0,    0) (   0,    0) (   0,    0) (   0,    0) (   0,    0) (   0,    0)
          (   0,    0) (   0,    0) (   0,    0) (   0,    0) (   0,    0) (   0,    0) (   0,    0) (   0,    0) (   0,    0) (   0,    0)
          (   0,    0) (   0,    0) (   0,    0) (   0,    0) (   0,    0) (   0,    0) (   0,    0) (   0,    0) (   0,    0) (   0,    0)
          (   0,    0) (   0,    0) (   0,    0) (   0,    0) (   0,    0) (   0,    0) (   0,    0) (   0,    0) (   0,    0) (   0,    0)
          (   0,    0) (   0,    0) (   0,    0) (   0,    0) (   0,    0) (   0,    0) (   0,    0) (   0,    0) (   0,    0) (   0,    0)
          (   0,    0) (   0,    0) (   0,    0) (   0,    0) (   0,    0) (   0,    0) (   0,    0) (   0,    0) (   0,    0) (   0,    0)
          (   0,    0) (   0,    0) (   0,    0) (   0,    0) (   0,    0) (   0,    0) (   0,    0) (   0,    0) (   0,    0) (   0,    0)
          (   0,    0) (   0,    0) (   0,    0) (   0,    0) (   0,    0) (   0,    0) (   0,    0) (   0,    0) (   0,    0) (   0,    0)
          (   0,    0) (   0,    0) (   0,    0) (   0,    0) (   0,    0) (   0,    0) (   0,    0) (   0,    0) (   0,    0) (   0,    0)
          (   0,    0) (   0,    0) (   0,    0) (   0,    0) (   0,    0) (   0,    0) (   0,    0) (   0,    0) (   0,    0) (   0,    0)
          (   0,    0) (   0,    0) (   0,    0) (   0,    0) (   0,    0) (   0,    0) (   0,    0) (   0,    0) (   0,    0) (   0,    0)
          (   0,    0) (   0,    0) (   0,    0) (   0,    0) (   0,    0) (   0,    0) (   0,    0) (   0,    0) (   0,    0) (   0,    0)
          (   0,    0) (   0,    0) (   0,    0) (   0,    0) (   0,    0) (   0,    0) (   0,    0) (   0,    0) (   0,    0) (   0,    0)
          (   0,    0) (   0,    0) (   0,    0) (   0,    0) (   0,    0) (   0,    0) (   0,    0) (   0,    0) (   0,    0) (   0,    0)
          (   0,    0) (   0,    0) (   0,    0) (   0,    0) (   0,    0) (   0,    0) (   0,    0) (   0,    0) (   0,    0) (   0,    0)
         
node   7 sent_total    295  recv_total    284

node   8  (   0,    0) (   1,    0) (   0,    0) (   3,    2) (   3,    1) (   3,    3) (   3,    1) (   3,    1) (   3,    5) (   3,    2)
          (   3,    4) (   3,    3) (   3,    4) (   3,    3) (   3,    3) (   3,    5) (   3,    1) (   3,    3) (   3,    0) (   3,    2)
          (   3,    3) (   3,    3) (   3,    2) (   3,    5) (   3,    4) (   3,    3) (   3,    4) (   3,    1) (   3,    3) (   3,    4)
          (   3,    2) (   3,    5) (   3,    3) (   3,    4) (   3,    0) (   3,    3) (   3,    2) (   3,    5) (   3,    2) (   3,    3)
          (   3,    4) (   3,    4) (   3,    4) (   3,    6) (   3,    3) (   3,    4) (   3,    4) (   3,    5) (   3,    2) (   3,    5)
          (   3,    4) (   3,    1) (   3,    3) (   3,    5) (   3,    4) (   3,    4) (   3,    6) (   3,    3) (   3,    4) (   3,    3)
          (   3,    5) (   3,    4) (   3,    1) (   3,    3) (   3,    3) (   3,    1) (   3,    2) (   3,    1) (   3,    3) (   3,    4)
          (   3,    2) (   3,    4) (   3,    2) (   3,    4) (   3,    2) (   3,    3) (   3,    2) (   3,    3) (   3,    3) (   3,    1)
          (   3,    2) (   3,    3) (   3,    5) (   3,    3) (   3,    2) (   3,    1) (   3,    4) (   3,    4) (   3,    3) (   3,    5)
          (   3,    2) (   3,    6) (   3,    2) (   3,    3) (   3,    2) (   3,    4) (   3,    4) (   3,    3) (   3,    2) (   3,    4)
          (   3,    2) (   3,    1) (   3,    2) (   3,    3) (   3,    2) (   3,    3) (   3,    1) (   3,    3) (   3,    4) (   3,    5)
          (   3,    3) (   3,    3) (   3,    4) (   3,    3) (   3,    2) (   3,    1) (   3,    1) (   3,    1) (   3,    2) (   3,    4)
          (   3,    3) (   3,    3) (   3,    2) (   3,    5) (   3,    1) (   3,    3) (   3,    5) (   3,    3) (   3,    3) (   3,    2)
          (   3,    2) (   3,    3) (   3,    3) (   3,    3) (   3,    5) (   3,    5) (   3,    3) (   3,    3) (   3,    4) (   3,    4)
          (   3,    5) (   3,    3) (   3,    5) (   3,    4) (   3,    1) (   3,    3) (   3,    4) (   3,    3) (   3,    3) (   3,    3)
          (   3,    2) (   3,    4) (   3,    4) (   3,    6) (   3,    2) (   3,    2) (   3,    5) (   3,    4) (   3,    1) (   3,    3)
          (   3,    2) (   3,    3) (   3,    3) (   3,    3) (   3,    4) (   3,    2) (   3,    3) (   3,    3) (   3,    2) (   3,    4)
          (   3,    1) (   3,    4) (   3,    1) (   3,    4) (   3,    2) (   3,    1) (   3,    4) (   3,    3) (   3,    3) (   3,    4)
          (   3,    4) (   3,    3) (   3,    2) (   3,    2) (   3,    2) (   3,    2) (   3,    3) (   3,    3) (   3,    0) (   3,    3)
          (   3,    1) (   3,    2) (   3,    5) (   3,    2) (   3,    0) (   3,    4) (   3,    2) (   3,    3) (   3,    2) (   3,    2)
          (   3,    4) (   3,    3) (   3,    4) (   3,    2) (   3,    4) (   3,    1) (   3,    4) (   3,    3) (   3,    2) (   3,    4)
          (   3,    3) (   3,    5) (   3,    3) (   3,    2) (   3,    4) (   3,    2) (   3,    4) (   3,    2) (   3,    5) (   3,    3)
          (   3,    2) (   3,    1) (   3,    3) (   3,    4) (   3,    2) (   3,    2) (   3,    7) (   3,    4) (   3,    2) (   3,    2)
          (   3,    3) (   3,    4) (   3,    5) (   3,    2) (   3,    1) (   3,    3) (   3,    6) (   3,    2) (   3,    3) (   3,    5)
          (   3,    2) (   3,    4) (   3,    4) (   3,    3) (   3,    2) (   3,    1) (   3,    4) (   3,    4) (   3,    2) (   3,    2)
          (   3,    4) (   3,    6) (   3,    1) (   3,    4) (   3,    2) (   3,    0) (   3,    3) (   3,    0) (   3,    4) (   3,    4)
          (   3,    3) (   3,    4) (   3,    2) (   3,    3) (   3,    2) (   3,    4) (   3,    4) (   3,    3) (   3,    4) (   3,    2)
          (   3,    2) (   3,    4) (   3,    4) (   3,    5) (   3,    6) (   3,    2) (   3,    3) (   3,    3) (   3,    4) (   3,    5)
          (   3,    2) (   3,    3) (   3,    5) (   3,    4) (   3,    1) (   3,    4) (   3,    2) (   3,    2) (   3,    2) (   3,    4)
          (   3,    2) (   3,    3) (   3,    3) (   3,    4) (   3,    4) (   3,    3) (   3,    7) (   3,    4) (   3,    2) (   3,    2)
          (   3,    3) (   3,    2) (   3,    3) (   3,    1) (   3,    1) (   3,    2) (   3,    4) (   3,    5) (   3,    5) (   3,    4)
          (   3,    3) (   3,    3) (   3,    4) (   3,    3) (   3,    2) (   3,    2) (   3,    5) (   3,    3) (   3,    3) (   3,    5)
          (   3,    0) (   3,    1) (   3,    3) (   3,    3) (   3,    5) (   3,    2) (   3,    4) (   3,    7) (   3,    5) (   3,    2)
          (   3,    2) (   3,    1) (   3,    3) (   3,    2) (   3,    4) (   3,    3) (   3,    4) (   3,    4) (   3,    4) (   3,    1)
          (   3,    4) (   3,    5) (   3,    3) (   3,    3) (   3,    3) (   3,    1) (   3,    2) (   3,    2) (   3,    3) (   3,    2)
          (   3,    6) (   3,    1) (   3,    3) (   3,    3) (   3,    3) (   3,    6) (   3,    6) (   3,    4) (   3,    4) (   3,    3)
          (   3,    3) (   3,    4) (   3,    2) (   3,    3) (   3,    2) (   3,    2) (   3,    3) (   3,    2) (   3,    2) (   3,    2)
          (   3,    4) (   3,    2) (   3,    3) (   3,    4) (   3,    4) (   3,    1) (   3,    3) (   3,    3) (   3,    3) (   3,    2)
          (   3,    1) (   3,    5) (   3,    2) (   3,    3) (   3,    2) (   3,    5) (   3,    4) (   3,    1) (   3,    2) (   3,    3)
          (   3,    5) (   3,    4) (   3,    2) (   3,    2) (   3,    3) (   3,    2) (   3,    2) (   3,    4) (   3,    4) (   3,    4)
          (   3,    1) (   3,    2) (   3,    4) (   3,    3) (   3,    4) (   3,    3) (   3,    3) (   3,    1) (   3,    1) (   3,    5)
          (   3,    3) (   3,    4) (   3,    3) (   3,    5) (   3,    3) (   3,    1) (   3,    1) (   3,    4) (   3,    4) (   3,    1)
          (   3,    4) (   3,    4) (   3,    2) (   3,    4) (   3,    3) (   3,    4) (   3,    3) (   3,    4) (   3,    3) (   3,    3)
          (   3,    5) (   3,    3) (   3,    1) (   3,    2) (   3,    6) (   3,    2) (   3,    3) (   3,    2) (   3,    3) (   3,    2)
          (   3,    1) (   3,    1) (   3,    4) (   3,    2) (   3,    0) (   3,    6) (   3,    2) (   3,    4) (   3,    2) (   3,    3)
          (   3,    1) (   3,    5) (   3,    3) (   3,    2) (   3,    3) (   3,    2) (   3,    3) (   3,    2) (   3,    2) (   3,    5)
          (   3,    3) (   3,    5) (   3,    3) (   3,    3) (   3,    4) (   3,    3) (   3,    3) (   3,    4) (   3,    6) (   3,    3)
          (   3,    3) (   3,    5) (   3,    3) (   3,    2) (   3,    3) (   3,    0) (   3,    6) (   3,    5) (   3,    3) (   3,    2)
          (   3,    3) (   3,    3) (   3,    3) (   3,    3) (   3,    3) (   3,    3) (   3,    3) (   3,    2) (   3,    3) (   3,    1)
          (   3,    2) (   3,    4) (   3,    1) (   3,    3) (   3,    2) (   3,    3) (   3,    4) (   3,    3) (   3,    4) (   3,    2)
          (   3,    4) (   3,    6) (   3,    2) (   3,    2) (   3,    3) (   3,    4) (   3,    2) (   3,    6) (   3,    2) (   3,    3)
          (   3,    4) (   3,    1) (   3,    2) (   3,    3) (   3,    4) (   3,    3) (   3,    2) (   3,    2) (   3,    3) (   3,    3)
          (   3,    4) (   3,    0) (   3,    4) (   3,    2) (   3,    2) (   3,    3) (   3,    4) (   3,    2) (   3,    1) (   3,    3)
          (   3,    5) (   3,    3) (   3,    3) (   3,    5) (   3,    5) (   3,    3) (   3,    3) (   3,    3) (   3,    1) (   3,    3)
          (   3,    3) (   3,    5) (   3,    2) (   3,    3) (   3,    3) (   3,    5) (   3,    1) (   3,    3) (   3,    4) (   3,    2)
          (   3,    4) (   3,    4) (   3,    5) (   3,    2) (   3,    2) (   3,    3) (   3,    1) (   3,    3) (   3,    5) (   3,    4)
          (   3,    3) (   3,    3) (   3,    3) (   3,    2) (   3,    0) (   3,    4) (   3,    1) (   3,    1) (   3,    4) (   3,    3)
          (   3,    1) (   3,    6) (   3,    3) (   3,    2) (   3,    2) (   3,    2) (   3,    2) (   3,    0) (   3,    5) (   3,    1)
          (   3,    4) (   3,    3) (   3,    5) (   3,    4) (   3,    2) (   3,    6) (   3,    5) (   3,    1) (   3,    5) (   3,    4)
          (   3,    3) (   3,    4) (   3,    3) (   3,    1) (   3,    2) (   3,    2) (   3,    3) (   3,    1) (   3,    4) (   3,    5)
          (   3,    4) (   3,    3) (   3,    2) (   3,    2) (   3,    1) (   3,    4) (   3,    5) (   3,    2) (   3,    5) (   3,    5)
          (   3,    4) (   3,    1) (   3,    4) (   3,    4) (   3,    5) (   3,    3) (   3,    5) (   3,    2) (   3,    5) (   3,    5)
          (   3,    6) (   3,    1) (   3,    3) (   3,    4) (   3,    3) (   3,    5) (   3,    3) (   3,    1) (   3,    4) (   3,    2)
          (   3,    3) (   3,    2) (   3,    4) (   3,    3) (   3,    1) (   3,    3) (   3,    1) (   3,    3) (   3,    2) (   3,    2)
          (   3,    3) (   3,    1) (   3,    2) (   3,    4) (   3,    1) (   3,    7) (   3,    5) (   3,    3) (   3,    2) (   3,    3)
          (   3,    4) (   3,    3) (   3,    3) (   3,    5) (   3,    3) (   3,    1) (   3,    6) (   3,    4) (   3,    2) (   3,    3)
          (   3,    1) (   3,    2) (   3,    3) (   3,    3) (   3,    6) (   3,    3) (   3,    3) (   3,    4) (   3,    2) (   3,    4)
          (   3,    3) (   3,    4) (   3,    1) (   3,    6) (   3,    5) (   3,    3) (   3,    3) (   3,    2) (   3,    2) (   3,    3)
          (   3,    3) (   3,    1) (   3,    3) (   3,    3) (   3,    2) (   3,    3) (   3,    2) (   3,    3) (   3,    2) (   3,    2)
          (   3,    3) (   3,    4) (   3,    4) (   3,    2) (   3,    4) (   3,    3) (   3,    2) (   3,    1) (   3,    3) (   3,    3)
         
node   8 sent_total   2092  recv_total   2106

node   9  (   0,    0) (   0,    0) (   1,    0) (   0,    0) (   3,    1) (   3,    2) (   3,    4) (   3,    2) (   3,    2) (   3,    4)
          (   3,    3) (   3,    4) (   3,    1) (   3,    4) (   3,    1) (   3,    4) (   3,    2) (   3,    3) (   3,    5) (   3,    2)
          (   3,    1) (   3,    3) (   3,    2) (   3,    4) (   3,    5) (   3,    4) (   3,    6) (   3,    2) (   3,    3) (   3,    2)
          (   3,    3) (   3,    3) (   3,    4) (   3,    1) (   3,    4) (   3,    3) (   3,    1) (   3,    3) (   3,    3) (   3,    4)
          (   3,    3) (   3,    3) (   3,    3) (   3,    3) (   3,    2) (   3,    2) (   3,    3) (   3,    3) (   3,    0) (   3,    5)
          (   3,    3) (   3,    1) (   3,    3) (   3,    3) (   3,    1) (   3,    1) (   3,    1) (   3,    5) (   3,    2) (   3,    4)
          (   3,    6) (   3,    2) (   3,    5) (   3,    1) (   3,    4) (   3,    4) (   3,    2) (   3,    3) (   3,    2) (   3,    3)
          (   3,    2) (   3,    6) (   3,    5) (   3,    2) (   3,    4) (   3,    2) (   3,    3) (   3,    3) (   3,    3) (   3,    4)
          (   3,    1) (   3,    3) (   3,    4) (   3,    3) (   3,    3) (   3,    3) (   3,    2) (   3,    1) (   3,    4) (   3,    1)
          (   3,    2) (   3,    4) (   3,    7) (   3,    5) (   3,    6) (   3,    3) (   3,    2) (   3,    3) (   3,    2) (   3,    3)
          (   3,    4) (   3,    2) (   3,    5) (   3,    2) (   3,    3) (   3,    3) (   3,    3) (   3,    2) (   3,    2) (   3,    2)
          (   3,    4) (   3,    6) (   3,    5) (   3,    1) (   3,    5) (   3,    3) (   3,    4) (   3,    3) (   3,    4) (   3,    2)
          (   3,    3) (   3,    3) (   3,    3) (   3,    2) (   3,    5) (   3,    3) (   3,    5) (   3,    1) (   3,    3) (   3,    2)
          (   3,    3) (   3,    3) (   3,    4) (   3,    2) (   3,    0) (   3,    2) (   3,    2) (   3,    3) (   3,    2) (   3,    5)
          (   3,    2) (   3,    3) (   3,    1) (   3,    5) (   3,    3) (   3,    3) (   3,    4) (   3,    2) (   3,    6) (   3,    2)
          (   3,    6) (   3,    2) (   3,    3) (   3,    0) (   3,    4) (   3,    4) (   3,    5) (   3,    2) (   3,    4) (   3,    2)
          (   3,    2) (   3,    0) (   3,    2) (   3,    3) (   3,    3) (   3,    2) (   3,    1) (   3,    4) (   3,    3) (   3,    2)
          (   3,    3) (   3,    1) (   3,    4) (   3,    4) (   3,    2) (   3,    3) (   3,    3) (   3,    2) (   3,    3) (   3,    5)
          (   3,    5) (   3,    3) (   3,    3) (   3,    4) (   3,    1) (   3,    5) (   3,    2) (   3,    5) (   3,    3) (   3,    3)
          (   3,    1) (   3,    2) (   3,    2) (   3,    2) (   3,    2) (   3,    3) (   3,    2) (   3,    4) (   3,    4) (   3,    2)
          (   3,    5) (   3,    4) (   3,    6) (   3,    3) (   3,    1) (   3,    3) (   3,    4) (   3,    2) (   3,    2) (   3,    3)
          (   3,    4) (   3,    3) (   3,    4) (   3,    2) (   3,    2) (   3,    5) (   3,    5) (   3,    3) (   3,    3) (   3,    4)
          (   3,    0) (   3,    2) (   3,    1) (   3,    2) (   3,    3) (   3,    2) (   3,    2) (   3,    2) (   3,    2) (   3,    2)
          (   3,    4) (   3,    3) (   3,    3) (   3,    3) (   3,    3) (   3,    1) (   3,    2) (   3,    2) (   3,    2) (   3,    3)
          (   3,    3) (   3,    5) (   3,    3) (   3,    1) (   3,    4) (   3,    2) (   3,    4) (   3,    3) (   3,    2) (   3,    4)
          (   3,    2) (   3,    1) (   3,    1) (   3,    2) (   3,    3) (   3,    2) (   3,    4) (   3,    4) (   3,    3) (   3,    3)
          (   3,    0) (   3,    1) (   3,    3) (   3,    0) (   3,    4) (   3,    3) (   3,    5) (   3,    2) (   3,    3) (   3,    5)
          (   3,    1) (   3,    2) (   3,    4) (   3,    2) (   3,    0) (   3,    5) (   3,    4) (   3,    2) (   3,    3) (   3,    1)
          (   3,    4) (   3,    5) (   3,    3) (   3,    4) (   3,    5) (   3,    2) (   3,    4) (   3,    1) (   3,    1) (   3,    4)
          (   3,    3) (   3,    3) (   3,    2) (   3,    2) (   3,    2) (   3,    2) (   3,    3) (   3,    1) (   3,    7) (   3,    3)
          (   3,    5) (   3,    4) (   3,    2) (   3,    3) (   3,    3) (   3,    3) (   3,    1) (   3,    4) (   3,    1) (   3,    3)
          (   3,    0) (   3,    3) (   3,    3) (   3,    2) (   3,    3) (   3,    2) (   3,    0) (   3,    4) (   3,    2) (   3,    1)
          (   3,    4) (   3,    1) (   3,    4) (   3,    3) (   3,    4) (   3,    2) (   3,    3) (   3,    3) (   3,    0) (   3,    1)
          (   3,    3) (   3,    3) (   3,    3) (   3,    3) (   3,    2) (   3,    1) (   3,    5) (   3,    1) (   3,    2) (   3,    4)
          (   3,    5) (   3,    0) (   3,    3) (   3,    4) (   3,    4) (   3,    6) (   3,    6) (   3,    1) (   3,    2) (   3,    1)
          (   3,    3) (   3,    0) (   3,    2) (   3,    3) (   3,    3) (   3,    2) (   3,    2) (   3,    5) (   3,    4) (   3,    4)
          (   3,    2) (   3,    1) (   3,    2) (   3,    4) (   3,    1) (   3,    1) (   3,    3) (   3,    3) (   3,    3) (   3,    4)
          (   3,    4) (   3,    1) (   3,    3) (   3,    4) (   3,    2) (   3,    3) (   3,    2) (   3,    4) (   3,    0) (   3,    5)
          (   3,    1) (   3,    2) (   3,    2) (   3,    3) (   3,    4) (   3,    2) (   3,    1) (   3,    3) (   3,    1) (   3,    2)
          (   3,    7) (   3,    3) (   3,    1) (   3,    1) (   3,    4) (   3,    3) (   3,    3) (   3,    2) (   3,    2) (   3,    3)
          (   3,    2) (   3,    3) (   3,    3) (   3,    3) (   3,    2) (   3,    2) (   3,    2) (   3,    3) (   3,    1) (   3,    4)
          (   3,    3) (   3,    2) (   3,    4) (   3,    4) (   3,    2) (   3,    3) (   3,    3) (   3,    3) (   3,    2) (   3,    2)
          (   3,    1) (   3,    3) (   3,    4) (   3,    2) (   3,    4) (   3,    3) (   3,    3) (   3,    4) (   3,    1) (   3,    2)
          (   3,    1) (   3,    4) (   3,    3) (   3,    6) (   3,    5) (   3,    3) (   3,    4) (   3,    4) (   3,    4) (   3,    1)
          (   3,    2) (   3,    2) (   3,    4) (   3,    3) (   3,    6) (   3,    1) (   3,    3) (   3,    5) (   3,    2) (   3,    4)
          (   3,    2) (   3,    3) (   3,    3) (   3,    1) (   3,    4) (   3,    3) (   3,    2) (   3,    2) (   3,    3) (   3,    2)
          (   3,    2) (   3,    2) (   3,    4) (   3,    5) (   3,    2) (   3,    2) (   3,    4) (   3,    1) (   3,    2) (   3,    2)
          (   3,    4) (   3,    3) (   3,    1) (   3,    2) (   3,    5) (   3,    4) (   3,    3) (   3,    1) (   3,    2) (   3,    4)
          (   3,    6) (   3,    3) (   3,    4) (   3,    3) (   3,    2) (   3,    0) (   3,    4) (   3,    3) (   3,    5) (   3,    5)
          (   3,    4) (   3,    4) (   3,    1) (   3,    2) (   3,    3) (   3,    5) (   3,    4) (   3,    2) (   3,    2) (   3,    1)
          (   3,    3) (   3,    3) (   3,    4) (   3,    5) (   3,    3) (   3,    3) (   3,    5) (   3,    2) (   3,    4) (   3,    3)
          (   3,    2) (   3,    4) (   3,    1) (   3,    0) (   3,    1) (   3,    4) (   3,    3) (   3,    4) (   3,    5) (   3,    2)
          (   3,    4) (   3,    2) (   3,    2) (   3,    5) (   3,    3) (   3,    2) (   3,    2) (   3,    3) (   3,    3) (   3,    3)
          (   3,    4) (   3,    3) (   3,    3) (   3,    4) (   3,    5) (   3,    3) (   3,    2) (   3,    4) (   3,    3) (   3,    1)
          (   3,    2) (   3,    4) (   3,    3) (   3,    3) (   3,    0) (   3,    0) (   3,    2) (   3,    2) (   3,    3) (   3,    3)
          (   3,    4) (   3,    2) (   3,    0) (   3,    4) (   3,    2) (   3,    3) (   3,    5) (   3,    3) (   3,    2) (   3,    3)
          (   3,    3) (   3,    2) (   3,    3) (   3,    1) (   3,    4) (   3,    5) (   3,    5) (   3,    6) (   3,    1) (   3,    3)
          (   3,    4) (   3,    2) (   3,    4) (   3,    2) (   3,    4) (   3,    5) (   3,    0) (   3,    2) (   3,    2) (   3,    3)
          (   3,    4) (   3,    1) (   3,    1) (   3,    5) (   3,    4) (   3,    1) (   3,    3) (   3,    5) (   3,    2) (   3,    1)
          (   3,    4) (   3,    3) (   3,    2) (   3,    3) (   3,    5) (   3,    4) (   3,    1) (   3,    2) (   3,    4) (   3,    3)
          (   3,    1) (   3,    0) (   3,    1) (   3,    1) (   3,    4) (   3,    1) (   3,    4) (   3,    3) (   3,    2) (   3,    2)
          (   3,    4) (   3,    3) (   3,    3) (   3,    3) (   3,    6) (   3,    3) (   3,    4) (   3,    5) (   3,    3) (   3,    3)
          (   3,    4) (   3,    5) (   3,    3) (   3,    4) (   3,    2) (   3,    0) (   3,    5) (   3,    2) (   3,    3) (   3,    2)
          (   3,    1) (   3,    3) (   3,    3) (   3,    0) (   3,    3) (   3,    3) (   3,    4) (   3,    3) (   3,    5) (   3,    1)
          (   3,    3) (   3,    3) (   3,    6) (   3,    3) (   3,    3) (   3,    2) (   3,    4) (   3,    6) (   3,    3) (   3,    5)
          (   3,    3) (   3,    2) (   3,    2) (   3,    0) (   3,    5) (   3,    6) (   3,    2) (   3,    2) (   3,    2) (   3,    1)
          (   3,    4) (   3,    4) (   3,    3) (   3,    2) (   3,    5) (   3,    5) (   3,    3) (   3,    6) (   3,    4) (   3,    3)
          (   3,    4) (   3,    4) (   3,    3) (   3,    4) (   3,    3) (   3,    3) (   3,    3) (   3,    3) (   3,    2) (   3,    2)
          (   3,    7) (   3,    2) (   3,    3) (   3,    4) (   3,    2) (   3,    3) (   3,    4) (   3,    6) (   3,    1) (   3,    3)
          (   3,    4) (   3,    5) (   3,    2) (   3,    3) (   3,    2) (   3,    1) (   3,    5) (   3,    4) (   3,    4) (   3,    5)
         
node   9 sent_total   2089  recv_total   2016

node  10  (   0,    0) (   0,    0) (   1,    0) (   0,    0) (   3,    1) (   3,    3) (   3,    3) (   3,    2) (   3,    5) (   3,    6)
          (   3,    4) (   3,    3) (   3,    3) (   3,    5) (   3,    3) (   3,    3) (   3,    3) (   3,    2) (   3,    2) (   3,    2)
          (   3,    3) (   3,    4) (   3,    2) (   3,    0) (   3,    2) (   3,    3) (   3,    2) (   3,    4) (   3,    5) (   3,    3)
          (   3,    4) (   3,    2) (   3,    2) (   3,    3) (   3,    3) (   3,    2) (   3,    5) (   3,    2) (   3,    2) (   3,    1)
          (   3,    5) (   3,    4) (   3,    2) (   3,    6) (   3,    5) (   3,    2) (   3,    1) (   3,    4) (   3,    3) (   3,    4)
          (   3,    4) (   3,    3) (   3,    5) (   3,    4) (   3,    5) (   3,    3) (   3,    4) (   3,    3) (   3,    2) (   3,    5)
          (   3,    6) (   3,    3) (   3,    1) (   3,    2) (   3,    2) (   3,    2) (   3,    2) (   3,    4) (   3,    6) (   3,    0)
          (   3,    1) (   3,    5) (   3,    6) (   3,    4) (   3,    1) (   3,    4) (   3,    1) (   3,    1) (   3,    3) (   3,    5)
          (   3,    4) (   3,    4) (   3,    5) (   3,    3) (   3,    1) (   3,    5) (   3,    2) (   3,    3) (   3,    4) (   3,    3)
          (   3,    3) (   3,    3) (   3,    2) (   3,    2) (   3,    5) (   3,    3) (   3,    3) (   3,    4) (   3,    5) (   3,    1)
          (   3,    2) (   3,    3) (   3,    1) (   3,    4) (   3,    3) (   3,    2) (   3,    2) (   3,    2) (   3,    2) (   3,    1)
          (   3,    5) (   3,    0) (   3,    2) (   3,    4) (   3,    1) (   3,    6) (   3,    3) (   3,    5) (   3,    4) (   3,    3)
          (   3,    3) (   3,    3) (   3,    3) (   3,    3) (   3,    1) (   3,    1) (   3,    3) (   3,    1) (   3,    3) (   3,    3)
          (   3,    3) (   3,    5) (   3,    2) (   3,    1) (   3,    0) (   3,    3) (   3,    7) (   3,    3) (   3,    2) (   3,    4)
          (   3,    5) (   3,    6) (   3,    3) (   3,    2) (   3,    2) (   3,    4) (   3,    2) (   3,    3) (   3,    1) (   3,    5)
          (   3,    4) (   3,    2) (   3,    1) (   3,    2) (   3,    2) (   3,    2) (   3,    2) (   3,    3) (   3,    3) (   3,    3)
          (   3,    2) (   3,    3) (   3,    1) (   3,    2) (   3,    4) (   3,    4) (   3,    4) (   3,    3) (   3,    5) (   3,    4)
          (   3,    4) (   3,    5) (   3,    2) (   3,    4) (   3,    2) (   3,    4) (   3,    2) (   3,    3) (   3,    6) (   3,    1)
          (   3,    5) (   3,    1) (   3,    4) (   3,    2) (   3,    4) (   3,    3) (   3,    5) (   3,    4) (   3,    3) (   3,    5)
          (   3,    3) (   3,    5) (   3,    6) (   3,    3) (   3,    4) (   3,    2) (   3,    2) (   3,    3) (   3,    6) (   3,    3)
          (   3,    5) (   3,    3) (   3,    1) (   3,    4) (   3,    2) (   3,    4) (   3,    4) (   3,    4) (   3,    2) (   3,    5)
          (   3,    2) (   3,    2) (   3,    2) (   3,    3) (   3,    5) (   3,    2) (   3,    5) (   3,    4) (   3,    2) (   3,    2)
          (   3,    2) (   3,    2) (   3,    3) (   3,    2) (   3,    3) (   3,    3) (   3,    2) (   3,    2) (   3,    3) (   3,    2)
          (   3,    4) (   3,    2) (   3,    1) (   3,    4) (   3,    1) (   3,    3) (   3,    3) (   3,    4) (   3,    5) (   3,    1)
          (   3,    3) (   3,    1) (   3,    1) (   3,    4) (   3,    3) (   3,    2) (   3,    2) (   3,    2) (   3,    5) (   3,    4)
          (   3,    2) (   3,    4) (   3,    0) (   3,    5) (   3,    1) (   3,    3) (   3,    2) (   3,    3) (   3,    4) (   3,    4)
          (   3,    2) (   3,    3) (   3,    4) (   3,    4) (   3,    4) (   3,    3) (   3,    2) (   3,    3) (   3,    4) (   3,    3)
          (   3,    3) (   3,    1) (   3,    1) (   3,    3) (   3,    2) (   3,    4) (   3,    2) (   3,    2) (   3,    2) (   3,    4)
          (   3,    3) (   3,    6) (   3,    4) (   3,    2) (   3,    3) (   3,    4) (   3,    4) (   3,    5) (   3,    5) (   3,    3)
          (   3,    4) (   3,    4) (   3,    3) (   3,    5) (   3,    1) (   3,    1) (   3,    2) (   3,    1) (   3,    4) (   3,    1)
          (   3,    5) (   3,    2) (   3,    1) (   3,    4) (   3,    4) (   3,    2) (   3,    0) (   3,    1) (   3,    3) (   3,    0)
          (   3,    3) (   3,    4) (   3,    2) (   3,    0) (   3,    3) (   3,    3) (   3,    2) (   3,    5) (   3,    2) (   3,    3)
          (   3,    3) (   3,    4) (   3,    2) (   3,    3) (   3,    0) (   3,    3) (   3,    3) (   3,    3) (   3,    5) (   3,    5)
          (   3,    3) (   3,    1) (   3,    3) (   3,    2) (   3,    4) (   3,    3) (   3,    2) (   3,    2) (   3,    3) (   3,    5)
          (   3,    1) (   3,    3) (   3,    3) (   3,    1) (   3,    0) (   3,    4) (   3,    3) (   3,    2) (   3,    2) (   3,    4)
          (   3,    3) (   3,    2) (   3,    3) (   3,    2) (   3,    3) (   3,    1) (   3,    6) (   3,    3) (   3,    3) (   3,    4)
          (   3,    3) (   3,    1) (   3,    0) (   3,    4) (   3,    6) (   3,    2) (   3,    4) (   3,    4) (   3,    2) (   3,    4)
          (   3,    3) (   3,    4) (   3,    3) (   3,    3) (   3,    3) (   3,    5) (   3,    0) (   3,    1) (   3,    3) (   3,    1)
          (   3,    3) (   3,    3) (   3,    3) (   3,    1) (   3,    4) (   3,    3) (   3,    2) (   3,    6) (   3,    3) (   3,    6)
          (   3,    1) (   3,    4) (   3,    3) (   3,    5) (   3,    0) (   3,    3) (   3,    3) (   3,    3) (   3,    3) (   3,    2)
          (   3,    2) (   3,    0) (   3,    2) (   3,    3) (   3,    1) (   3,    4) (   3,    5) (   3,    3) (   3,    5) (   3,    1)
          (   3,    3) (   3,    2) (   3,    3) (   3,    2) (   3,    0) (   3,    4) (   3,    4) (   3,    3) (   3,    5) (   3,    4)
          (   3,    5) (   3,    4) (   3,    0) (   3,    3) (   3,    3) (   3,    2) (   3,    3) (   3,    3) (   3,    2) (   3,    4)
          (   3,    4) (   3,    1) (   3,    4) (   3,    3) (   3,    2) (   3,    2) (   3,    3) (   3,    2) (   3,    8) (   3,    3)
          (   3,    1) (   3,    2) (   3,    1) (   3,    4) (   3,    0) (   3,    2) (   3,    3) (   3,    0) (   3,    0) (   3,    5)
          (   3,    5) (   3,    1) (   3,    2) (   3,    4) (   3,    3) (   3,    4) (   3,    2) (   3,    5) (   3,    2) (   3,    2)
          (   3,    2) (   3,    3) (   3,    2) (   3,    3) (   3,    3) (   3,    3) (   3,    5) (   3,    4) (   3,    3) (   3,    1)
          (   3,    3) (   3,    3) (   3,    3) (   3,    4) (   3,    3) (   3,    5) (   3,    4) (   3,    4) (   3,    1) (   3,    5)
          (   3,    1) (   3,    3) (   3,    5) (   3,    3) (   3,    3) (   3,    5) (   3,    0) (   3,    4) (   3,    1) (   3,    4)
          (   3,    7) (   3,    2) (   3,    5) (   3,    3) (   3,    1) (   3,    4) (   3,    2) (   3,    2) (   3,    1) (   3,    2)
          (   3,    4) (   3,    2) (   3,    4) (   3,    5) (   3,    1) (   3,    2) (   3,    6) (   3,    3) (   3,    2) (   3,    3)
          (   3,    3) (   3,    5) (   3,    5) (   3,    2) (   3,    3) (   3,    2) (   3,    3) (   3,    2) (   3,    1) (   3,    2)
          (   3,    2) (   3,    5) (   3,    1) (   3,    4) (   3,    3) (   3,    2) (   3,    3) (   3,    4) (   3,    4) (   3,    2)
          (   3,    5) (   3,    3) (   3,    5) (   3,    2) (   3,    2) (   3,    7) (   3,    3) (   3,    4) (   3,    2) (   3,    1)
          (   3,    2) (   3,    0) (   3,    2) (   3,    5) (   3,    3) (   3,    5) (   3,    0) (   3,    2) (   3,    3) (   3,    2)
          (   3,    5) (   3,    5) (   3,    3) (   3,    3) (   3,    4) (   3,    2) (   3,    4) (   3,    3) (   3,    2) (   3,    1)
          (   3,    1) (   3,    4) (   3,    4) (   3,    3) (   3,    2) (   3,    3) (   3,    3) (   3,    3) (   3,    4) (   3,    4)
          (   3,    4) (   3,    3) (   3,    3) (   3,    5) (   3,    5) (   3,    3) (   3,    5) (   3,    5) (   3,    3) (   3,    3)
          (   3,    3) (   3,    5) (   3,    4) (   3,    3) (   3,    3) (   3,    4) (   3,    1) (   3,    1) (   3,    4) (   3,    3)
          (   3,    3) (   3,    2) (   3,    5) (   3,    1) (   3,    4) (   3,    1) (   3,    4) (   3,    5) (   3,    3) (   3,    2)
          (   3,    3) (   3,    2) (   3,    3) (   3,    3) (   3,    1) (   3,    3) (   3,    3) (   3,    3) (   3,    3) (   3,    3)
          (   3,    2) (   3,    4) (   3,    7) (   3,    2) (   3,    1) (   3,    3) (   3,    3) (   3,    4) (   3,    4) (   3,    3)
          (   3,    1) (   3,    1) (   3,    2) (   3,    4) (   3,    5) (   3,    4) (   3,    5) (   3,    3) (   3,    3) (   3,    3)
          (   3,    2) (   3,    2) (   3,    5) (   3,    2) (   3,    2) (   3,    3) (   3,    6) (   3,    1) (   3,    2) (   3,    4)
          (   3,    2) (   3,    3) (   3,    2) (   3,    3) (   3,    3) (   3,    3) (   3,    3) (   3,    5) (   3,    2) (   3,    3)
          (   3,    2) (   3,    3) (   3,    2) (   3,    3) (   3,    3) (   3,    3) (   3,    2) (   3,    3) (   3,    0) (   3,    4)
          (   3,    4) (   3,    4) (   3,    4) (   3,    4) (   3,    4) (   3,    0) (   3,    5) (   3,    2) (   3,    4) (   3,    1)
          (   3,    4) (   3,    4) (   3,    2) (   3,    5) (   3,    4) (   3,    5) (   3,    3) (   3,    4) (   3,    2) (   3,    2)
          (   3,    0) (   3,    3) (   3,    3) (   3,    5) (   3,    5) (   3,    2) (   3,    3) (   3,    5) (   3,    2) (   3,    3)
          (   3,    2) (   3,    2) (   3,    4) (   3,    4) (   3,    4) (   3,    3) (   3,    4) (   3,    4) (   3,    2) (   3,    2)
         
node  10 sent_total   2089  recv_total   2076

